2023-06-02 15:06:36 +0000  Initial pipeline context: <IDEDistributionProcessingPipelineContext: 0x7fb51d350960; archive(resolved)="<IDEArchive: 0x60000bcefba0>", distributionTask(resolved)="2", distributionDestination(resolved)="1", distributionMethod(resolved)="<IDEDistributionMethodDevelopmentSigned: 0x60000daac4c0>", team(resolved)="<IDEProvisioningDisambiguatableBasicTeam: 0x600000101f40; teamID='Y44NMWY76J', teamName='Farms Dot Com', teamType='Company', username='iosdevelopers@vlwebtech.com', isFreeProvisioningTeam='0'>">
	Chain (14, self inclusive):
	<IDEDistributionProcessingPipelineContext: 0x7fb51d350960; archive = "<IDEArchive: 0x60000bcefba0>", distributionMethod="<IDEDistributionMethodDevelopmentSigned: 0x60000daac4c0>", team="<IDEProvisioningDisambiguatableBasicTeam: 0x600000101f40; teamID='Y44NMWY76J', teamName='Farms Dot Com', teamType='Company', username='iosdevelopers@vlwebtech.com', isFreeProvisioningTeam='0'>">
	<IDEDistributionProcessingPipelineContext: 0x7fb51ba09630; archive = "<IDEArchive: 0x60000bcefba0>", distributionMethod="<IDEDistributionMethodDevelopmentSigned: 0x60000daac4c0>", team="<IDEProvisioningDisambiguatableBasicTeam: 0x600000101f40; teamID='Y44NMWY76J', teamName='Farms Dot Com', teamType='Company', username='iosdevelopers@vlwebtech.com', isFreeProvisioningTeam='0'>">
	<IDEDistributionContext: 0x7fb51b8c6e00; archive = "<IDEArchive: 0x60000bcefba0>", distributionMethod="<IDEDistributionMethodDevelopmentSigned: 0x60000daac4c0>", team="<IDEProvisioningDisambiguatableBasicTeam: 0x600000101f40; teamID='Y44NMWY76J', teamName='Farms Dot Com', teamType='Company', username='iosdevelopers@vlwebtech.com', isFreeProvisioningTeam='0'>">
	<IDEDistributionContext: 0x7fb52e4b20d0; archive = "<IDEArchive: 0x60000bcefba0>", distributionMethod="<IDEDistributionMethodDevelopmentSigned: 0x60000daac4c0>", team="<IDEProvisioningDisambiguatableBasicTeam: 0x600000101f40; teamID='Y44NMWY76J', teamName='Farms Dot Com', teamType='Company', username='iosdevelopers@vlwebtech.com', isFreeProvisioningTeam='0'>">
	<IDEDistributionContext: 0x7fb51d3edc50; archive = "<IDEArchive: 0x60000bcefba0>", distributionMethod="<IDEDistributionMethodDevelopmentSigned: 0x60000daac4c0>", team="<IDEProvisioningDisambiguatableBasicTeam: 0x600000101f40; teamID='Y44NMWY76J', teamName='Farms Dot Com', teamType='Company', username='iosdevelopers@vlwebtech.com', isFreeProvisioningTeam='0'>">
	<IDEDistributionContext: 0x7fb52fc93150; archive = "<IDEArchive: 0x60000bcefba0>", distributionMethod="<IDEDistributionMethodDevelopmentSigned: 0x60000daac4c0>", team="<IDEProvisioningDisambiguatableBasicTeam: 0x600000101f40; teamID='Y44NMWY76J', teamName='Farms Dot Com', teamType='Company', username='iosdevelopers@vlwebtech.com', isFreeProvisioningTeam='0'>">
	<IDEDistributionContext: 0x7fb541190a20; archive = "<IDEArchive: 0x60000bcefba0>", distributionMethod="<IDEDistributionMethodDevelopmentSigned: 0x60000daac4c0>", team="<IDEProvisioningDisambiguatableBasicTeam: 0x600000101f40; teamID='Y44NMWY76J', teamName='Farms Dot Com', teamType='Company', username='iosdevelopers@vlwebtech.com', isFreeProvisioningTeam='0'>">
	<IDEDistributionContext: 0x7fb51b13e0b0; archive = "<IDEArchive: 0x60000bcefba0>", distributionMethod="<IDEDistributionMethodDevelopmentSigned: 0x60000daac4c0>", team="<IDEProvisioningDisambiguatableBasicTeam: 0x600000101f40; teamID='Y44NMWY76J', teamName='Farms Dot Com', teamType='Company', username='iosdevelopers@vlwebtech.com', isFreeProvisioningTeam='0'>">
	<IDEDistributionContext: 0x7fb51b893560; archive = "<IDEArchive: 0x60000bcefba0>", distributionMethod="<IDEDistributionMethodDevelopmentSigned: 0x60000daac4c0>", team="<IDEProvisioningDisambiguatableBasicTeam: 0x600000101f40; teamID='Y44NMWY76J', teamName='Farms Dot Com', teamType='Company', username='iosdevelopers@vlwebtech.com', isFreeProvisioningTeam='0'>">
	<IDEDistributionContext: 0x7fb532f0c9f0; archive = "<IDEArchive: 0x60000bcefba0>", distributionMethod="<IDEDistributionMethodDevelopmentSigned: 0x60000daac4c0>", team="(null)">
	<IDEDistributionContext: 0x7fb532ff9970; archive = "<IDEArchive: 0x60000bcefba0>", distributionMethod="<IDEDistributionMethodDevelopmentSigned: 0x60000daac4c0>", team="(null)">
	<IDEDistributionContext: 0x7fb52fe086a0; archive = "<IDEArchive: 0x60000bcefba0>", distributionMethod="<IDEDistributionMethodDevelopmentSigned: 0x60000daac4c0>", team="(null)">
	<IDEDistributionContext: 0x7fb51c7765a0; archive = "<IDEArchive: 0x60000bcefba0>", distributionMethod="<IDEDistributionMethodDevelopmentSigned: 0x60000daac4c0>", team="(null)">
	<IDEDistributionContext: 0x7fb51bbd6fe0; archive = "<IDEArchive: 0x60000bcefba0>", distributionMethod="(null)", team="(null)">
</IDEDistributionProcessingPipelineContext: 0x7fb51d350960>
2023-06-02 15:06:36 +0000  Processing step: IDEDistributionCreateDestRootStep
2023-06-02 15:06:36 +0000  Processing step: IDEDistributionCopyItemStep
2023-06-02 15:06:36 +0000  Running /usr/bin/ditto '-V' '/Users/gudipatiharikrishna/Library/Developer/Xcode/Archives/2023-06-02/PigChamp 2023-06-02, 8.36 PM.xcarchive/Products/Applications/PigChamp.app' '/var/folders/0v/fq_hkp711mx8qgdpjknvmqnm0000gq/T/XcodeDistPipeline.~~~6wryMv/Root/Payload/PigChamp.app'
2023-06-02 15:06:36 +0000  >>> Copying /Users/gudipatiharikrishna/Library/Developer/Xcode/Archives/2023-06-02/PigChamp 2023-06-02, 8.36 PM.xcarchive/Products/Applications/PigChamp.app 
2023-06-02 15:06:36 +0000  copying file ./_CodeSignature/CodeResources ... 
2023-06-02 15:06:36 +0000  66567 bytes for ./_CodeSignature/CodeResources
2023-06-02 15:06:36 +0000  copying file ./bluetooth.png ... 
2023-06-02 15:06:36 +0000  914 bytes for ./bluetooth.png
2023-06-02 15:06:36 +0000  copying file ./LaunchImage-1100-Portrait-2436h@3x.png ... 
2023-06-02 15:06:36 +0000  2034208 bytes for ./LaunchImage-1100-Portrait-2436h@3x.png
2023-06-02 15:06:36 +0000  copying file ./PigChamp.momd/VersionInfo.plist ... 
3157 bytes for ./PigChamp.momd/VersionInfo.plist
copying file ./PigChamp.momd/PigChamp.mom ... 
17716 bytes for ./PigChamp.momd/PigChamp.mom
copying file ./PigChamp.momd/PigChamp 2.mom ... 
2023-06-02 15:06:36 +0000  17698 bytes for ./PigChamp.momd/PigChamp 2.mom
2023-06-02 15:06:36 +0000  copying file ./PigChamp.momd/PigChamp 2.omo ... 
2023-06-02 15:06:36 +0000  49536 bytes for ./PigChamp.momd/PigChamp 2.omo
2023-06-02 15:06:36 +0000  copying file ./StatusCodes.plist ... 
2023-06-02 15:06:36 +0000  1703 bytes for ./StatusCodes.plist
2023-06-02 15:06:36 +0000  copying file ./AppIcon60x60@2x.png ... 
2023-06-02 15:06:36 +0000  8924 bytes for ./AppIcon60x60@2x.png
2023-06-02 15:06:36 +0000  copying file ./AppIcon29x29@2x.png ... 
2023-06-02 15:06:36 +0000  3595 bytes for ./AppIcon29x29@2x.png
2023-06-02 15:06:36 +0000  copying file ./LaunchImage-800-667h@2x.png ... 
2023-06-02 15:06:36 +0000  835997 bytes for ./LaunchImage-800-667h@2x.png
2023-06-02 15:06:36 +0000  copying file ./AppIcon40x40@3x.png ... 
8924 bytes for ./AppIcon40x40@3x.png
copying file ./AppIcon29x29~ipad.png ... 
2023-06-02 15:06:36 +0000  1487 bytes for ./AppIcon29x29~ipad.png
2023-06-02 15:06:36 +0000  copying file ./AppIcon40x40@2x.png ... 
2023-06-02 15:06:36 +0000  5792 bytes for ./AppIcon40x40@2x.png
2023-06-02 15:06:36 +0000  copying file ./PigChamp ... 
2023-06-02 15:06:36 +0000  2500256 bytes for ./PigChamp
2023-06-02 15:06:36 +0000  copying file ./LaunchImage-1200-Portrait-2688h@3x.png ... 
2023-06-02 15:06:36 +0000  2410915 bytes for ./LaunchImage-1200-Portrait-2688h@3x.png
copying file ./AppIcon29x29@3x.png ... 
6400 bytes for ./AppIcon29x29@3x.png
copying file ./GoogleService-Info.plist ... 
256 bytes for ./GoogleService-Info.plist
copying file ./AppIcon60x60@3x.png ... 
14044 bytes for ./AppIcon60x60@3x.png
2023-06-02 15:06:36 +0000  copying file ./Base.lproj/Main.storyboardc/segueSearch.nib/objects-11.0+.nib ... 
2023-06-02 15:06:36 +0000  1425 bytes for ./Base.lproj/Main.storyboardc/segueSearch.nib/objects-11.0+.nib
2023-06-02 15:06:36 +0000  copying file ./Base.lproj/Main.storyboardc/segueSearch.nib/runtime.nib ... 
2023-06-02 15:06:36 +0000  1425 bytes for ./Base.lproj/Main.storyboardc/segueSearch.nib/runtime.nib
2023-06-02 15:06:36 +0000  copying file ./Base.lproj/Main.storyboardc/segueSearch.nib/objects-12.3+.nib ... 
2023-06-02 15:06:36 +0000  1425 bytes for ./Base.lproj/Main.storyboardc/segueSearch.nib/objects-12.3+.nib
2023-06-02 15:06:36 +0000  copying file ./Base.lproj/Main.storyboardc/Xlg-Vj-5rX-view-9gW-SU-j3c.nib/objects-11.0+.nib ... 
2023-06-02 15:06:36 +0000  18912 bytes for ./Base.lproj/Main.storyboardc/Xlg-Vj-5rX-view-9gW-SU-j3c.nib/objects-11.0+.nib
2023-06-02 15:06:36 +0000  copying file ./Base.lproj/Main.storyboardc/Xlg-Vj-5rX-view-9gW-SU-j3c.nib/runtime.nib ... 
2023-06-02 15:06:36 +0000  18912 bytes for ./Base.lproj/Main.storyboardc/Xlg-Vj-5rX-view-9gW-SU-j3c.nib/runtime.nib
2023-06-02 15:06:36 +0000  copying file ./Base.lproj/Main.storyboardc/Xlg-Vj-5rX-view-9gW-SU-j3c.nib/objects-12.3+.nib ... 
2023-06-02 15:06:36 +0000  18912 bytes for ./Base.lproj/Main.storyboardc/Xlg-Vj-5rX-view-9gW-SU-j3c.nib/objects-12.3+.nib
2023-06-02 15:06:36 +0000  copying file ./Base.lproj/Main.storyboardc/gbs-xc-3Yy-view-qJL-fo-rDo.nib/objects-11.0+.nib ... 
2023-06-02 15:06:36 +0000  34782 bytes for ./Base.lproj/Main.storyboardc/gbs-xc-3Yy-view-qJL-fo-rDo.nib/objects-11.0+.nib
copying file ./Base.lproj/Main.storyboardc/gbs-xc-3Yy-view-qJL-fo-rDo.nib/runtime.nib ... 
2023-06-02 15:06:36 +0000  34782 bytes for ./Base.lproj/Main.storyboardc/gbs-xc-3Yy-view-qJL-fo-rDo.nib/runtime.nib
2023-06-02 15:06:36 +0000  copying file ./Base.lproj/Main.storyboardc/gbs-xc-3Yy-view-qJL-fo-rDo.nib/objects-12.3+.nib ... 
2023-06-02 15:06:36 +0000  34782 bytes for ./Base.lproj/Main.storyboardc/gbs-xc-3Yy-view-qJL-fo-rDo.nib/objects-12.3+.nib
2023-06-02 15:06:36 +0000  copying file ./Base.lproj/Main.storyboardc/UIViewController-9pJ-IH-RYP.nib/objects-11.0+.nib ... 
2023-06-02 15:06:36 +0000  1610 bytes for ./Base.lproj/Main.storyboardc/UIViewController-9pJ-IH-RYP.nib/objects-11.0+.nib
2023-06-02 15:06:36 +0000  copying file ./Base.lproj/Main.storyboardc/UIViewController-9pJ-IH-RYP.nib/runtime.nib ... 
2023-06-02 15:06:36 +0000  1610 bytes for ./Base.lproj/Main.storyboardc/UIViewController-9pJ-IH-RYP.nib/runtime.nib
2023-06-02 15:06:36 +0000  copying file ./Base.lproj/Main.storyboardc/UIViewController-9pJ-IH-RYP.nib/objects-12.3+.nib ... 
2023-06-02 15:06:36 +0000  1610 bytes for ./Base.lproj/Main.storyboardc/UIViewController-9pJ-IH-RYP.nib/objects-12.3+.nib
2023-06-02 15:06:36 +0000  copying file ./Base.lproj/Main.storyboardc/fuY-MI-mUY-view-01R-Rp-d6b.nib/objects-11.0+.nib ... 
2023-06-02 15:06:36 +0000  34566 bytes for ./Base.lproj/Main.storyboardc/fuY-MI-mUY-view-01R-Rp-d6b.nib/objects-11.0+.nib
2023-06-02 15:06:36 +0000  copying file ./Base.lproj/Main.storyboardc/fuY-MI-mUY-view-01R-Rp-d6b.nib/runtime.nib ... 
2023-06-02 15:06:36 +0000  34566 bytes for ./Base.lproj/Main.storyboardc/fuY-MI-mUY-view-01R-Rp-d6b.nib/runtime.nib
2023-06-02 15:06:36 +0000  copying file ./Base.lproj/Main.storyboardc/fuY-MI-mUY-view-01R-Rp-d6b.nib/objects-12.3+.nib ... 
2023-06-02 15:06:36 +0000  35021 bytes for ./Base.lproj/Main.storyboardc/fuY-MI-mUY-view-01R-Rp-d6b.nib/objects-12.3+.nib
2023-06-02 15:06:36 +0000  copying file ./Base.lproj/Main.storyboardc/UIViewController-jXn-hB-zy3.nib/objects-11.0+.nib ... 
2023-06-02 15:06:36 +0000  1253 bytes for ./Base.lproj/Main.storyboardc/UIViewController-jXn-hB-zy3.nib/objects-11.0+.nib
2023-06-02 15:06:36 +0000  copying file ./Base.lproj/Main.storyboardc/UIViewController-jXn-hB-zy3.nib/runtime.nib ... 
2023-06-02 15:06:36 +0000  1253 bytes for ./Base.lproj/Main.storyboardc/UIViewController-jXn-hB-zy3.nib/runtime.nib
2023-06-02 15:06:36 +0000  copying file ./Base.lproj/Main.storyboardc/UIViewController-jXn-hB-zy3.nib/objects-12.3+.nib ... 
2023-06-02 15:06:36 +0000  1253 bytes for ./Base.lproj/Main.storyboardc/UIViewController-jXn-hB-zy3.nib/objects-12.3+.nib
2023-06-02 15:06:36 +0000  copying file ./Base.lproj/Main.storyboardc/H9I-ea-LKU-view-Xs9-Ms-pZM.nib/objects-11.0+.nib ... 
2023-06-02 15:06:36 +0000  9548 bytes for ./Base.lproj/Main.storyboardc/H9I-ea-LKU-view-Xs9-Ms-pZM.nib/objects-11.0+.nib
2023-06-02 15:06:36 +0000  copying file ./Base.lproj/Main.storyboardc/H9I-ea-LKU-view-Xs9-Ms-pZM.nib/runtime.nib ... 
2023-06-02 15:06:36 +0000  9548 bytes for ./Base.lproj/Main.storyboardc/H9I-ea-LKU-view-Xs9-Ms-pZM.nib/runtime.nib
2023-06-02 15:06:36 +0000  copying file ./Base.lproj/Main.storyboardc/H9I-ea-LKU-view-Xs9-Ms-pZM.nib/objects-12.3+.nib ... 
2023-06-02 15:06:36 +0000  9548 bytes for ./Base.lproj/Main.storyboardc/H9I-ea-LKU-view-Xs9-Ms-pZM.nib/objects-12.3+.nib
2023-06-02 15:06:36 +0000  copying file ./Base.lproj/Main.storyboardc/HerdReport.nib/objects-11.0+.nib ... 
2023-06-02 15:06:36 +0000  1159 bytes for ./Base.lproj/Main.storyboardc/HerdReport.nib/objects-11.0+.nib
2023-06-02 15:06:36 +0000  copying file ./Base.lproj/Main.storyboardc/HerdReport.nib/runtime.nib ... 
2023-06-02 15:06:36 +0000  1159 bytes for ./Base.lproj/Main.storyboardc/HerdReport.nib/runtime.nib
2023-06-02 15:06:36 +0000  copying file ./Base.lproj/Main.storyboardc/HerdReport.nib/objects-12.3+.nib ... 
2023-06-02 15:06:36 +0000  1159 bytes for ./Base.lproj/Main.storyboardc/HerdReport.nib/objects-12.3+.nib
2023-06-02 15:06:36 +0000  copying file ./Base.lproj/Main.storyboardc/ProductSummary.nib/objects-11.0+.nib ... 
2023-06-02 15:06:36 +0000  1066 bytes for ./Base.lproj/Main.storyboardc/ProductSummary.nib/objects-11.0+.nib
2023-06-02 15:06:36 +0000  copying file ./Base.lproj/Main.storyboardc/ProductSummary.nib/runtime.nib ... 
2023-06-02 15:06:36 +0000  1066 bytes for ./Base.lproj/Main.storyboardc/ProductSummary.nib/runtime.nib
2023-06-02 15:06:36 +0000  copying file ./Base.lproj/Main.storyboardc/ProductSummary.nib/objects-12.3+.nib ... 
2023-06-02 15:06:36 +0000  1066 bytes for ./Base.lproj/Main.storyboardc/ProductSummary.nib/objects-12.3+.nib
2023-06-02 15:06:36 +0000  copying file ./Base.lproj/Main.storyboardc/ConfigurationViewController.nib/objects-11.0+.nib ... 
2023-06-02 15:06:36 +0000  1027 bytes for ./Base.lproj/Main.storyboardc/ConfigurationViewController.nib/objects-11.0+.nib
2023-06-02 15:06:36 +0000  copying file ./Base.lproj/Main.storyboardc/ConfigurationViewController.nib/runtime.nib ... 
2023-06-02 15:06:36 +0000  1027 bytes for ./Base.lproj/Main.storyboardc/ConfigurationViewController.nib/runtime.nib
2023-06-02 15:06:36 +0000  copying file ./Base.lproj/Main.storyboardc/ConfigurationViewController.nib/objects-12.3+.nib ... 
2023-06-02 15:06:36 +0000  1027 bytes for ./Base.lproj/Main.storyboardc/ConfigurationViewController.nib/objects-12.3+.nib
2023-06-02 15:06:36 +0000  copying file ./Base.lproj/Main.storyboardc/9pJ-IH-RYP-view-ZHC-fo-Wov.nib/objects-11.0+.nib ... 
2023-06-02 15:06:36 +0000  7939 bytes for ./Base.lproj/Main.storyboardc/9pJ-IH-RYP-view-ZHC-fo-Wov.nib/objects-11.0+.nib
2023-06-02 15:06:36 +0000  copying file ./Base.lproj/Main.storyboardc/9pJ-IH-RYP-view-ZHC-fo-Wov.nib/runtime.nib ... 
2023-06-02 15:06:36 +0000  7939 bytes for ./Base.lproj/Main.storyboardc/9pJ-IH-RYP-view-ZHC-fo-Wov.nib/runtime.nib
2023-06-02 15:06:36 +0000  copying file ./Base.lproj/Main.storyboardc/9pJ-IH-RYP-view-ZHC-fo-Wov.nib/objects-12.3+.nib ... 
2023-06-02 15:06:36 +0000  7939 bytes for ./Base.lproj/Main.storyboardc/9pJ-IH-RYP-view-ZHC-fo-Wov.nib/objects-12.3+.nib
2023-06-02 15:06:36 +0000  copying file ./Base.lproj/Main.storyboardc/wLk-3q-8AN-view-RKh-f2-6sy.nib/objects-11.0+.nib ... 
2023-06-02 15:06:36 +0000  12479 bytes for ./Base.lproj/Main.storyboardc/wLk-3q-8AN-view-RKh-f2-6sy.nib/objects-11.0+.nib
2023-06-02 15:06:36 +0000  copying file ./Base.lproj/Main.storyboardc/wLk-3q-8AN-view-RKh-f2-6sy.nib/runtime.nib ... 
2023-06-02 15:06:36 +0000  12479 bytes for ./Base.lproj/Main.storyboardc/wLk-3q-8AN-view-RKh-f2-6sy.nib/runtime.nib
2023-06-02 15:06:36 +0000  copying file ./Base.lproj/Main.storyboardc/wLk-3q-8AN-view-RKh-f2-6sy.nib/objects-12.3+.nib ... 
2023-06-02 15:06:36 +0000  12479 bytes for ./Base.lproj/Main.storyboardc/wLk-3q-8AN-view-RKh-f2-6sy.nib/objects-12.3+.nib
2023-06-02 15:06:36 +0000  copying file ./Base.lproj/Main.storyboardc/vAh-jm-thn-view-6hS-Eo-Kb9.nib/objects-11.0+.nib ... 
2023-06-02 15:06:36 +0000  2760 bytes for ./Base.lproj/Main.storyboardc/vAh-jm-thn-view-6hS-Eo-Kb9.nib/objects-11.0+.nib
2023-06-02 15:06:36 +0000  copying file ./Base.lproj/Main.storyboardc/vAh-jm-thn-view-6hS-Eo-Kb9.nib/runtime.nib ... 
2023-06-02 15:06:36 +0000  2760 bytes for ./Base.lproj/Main.storyboardc/vAh-jm-thn-view-6hS-Eo-Kb9.nib/runtime.nib
2023-06-02 15:06:36 +0000  copying file ./Base.lproj/Main.storyboardc/vAh-jm-thn-view-6hS-Eo-Kb9.nib/objects-12.3+.nib ... 
2023-06-02 15:06:36 +0000  2760 bytes for ./Base.lproj/Main.storyboardc/vAh-jm-thn-view-6hS-Eo-Kb9.nib/objects-12.3+.nib
2023-06-02 15:06:36 +0000  copying file ./Base.lproj/Main.storyboardc/UIViewController-fdo-XG-Ecf.nib/objects-11.0+.nib ... 
2023-06-02 15:06:36 +0000  1372 bytes for ./Base.lproj/Main.storyboardc/UIViewController-fdo-XG-Ecf.nib/objects-11.0+.nib
2023-06-02 15:06:36 +0000  copying file ./Base.lproj/Main.storyboardc/UIViewController-fdo-XG-Ecf.nib/runtime.nib ... 
2023-06-02 15:06:36 +0000  1372 bytes for ./Base.lproj/Main.storyboardc/UIViewController-fdo-XG-Ecf.nib/runtime.nib
2023-06-02 15:06:36 +0000  copying file ./Base.lproj/Main.storyboardc/UIViewController-fdo-XG-Ecf.nib/objects-12.3+.nib ... 
2023-06-02 15:06:36 +0000  1372 bytes for ./Base.lproj/Main.storyboardc/UIViewController-fdo-XG-Ecf.nib/objects-12.3+.nib
2023-06-02 15:06:36 +0000  copying file ./Base.lproj/Main.storyboardc/Reports.nib/objects-11.0+.nib ... 
2023-06-02 15:06:36 +0000  1098 bytes for ./Base.lproj/Main.storyboardc/Reports.nib/objects-11.0+.nib
2023-06-02 15:06:36 +0000  copying file ./Base.lproj/Main.storyboardc/Reports.nib/runtime.nib ... 
2023-06-02 15:06:36 +0000  1098 bytes for ./Base.lproj/Main.storyboardc/Reports.nib/runtime.nib
2023-06-02 15:06:36 +0000  copying file ./Base.lproj/Main.storyboardc/Reports.nib/objects-12.3+.nib ... 
2023-06-02 15:06:36 +0000  1098 bytes for ./Base.lproj/Main.storyboardc/Reports.nib/objects-12.3+.nib
2023-06-02 15:06:36 +0000  copying file ./Base.lproj/Main.storyboardc/ViewController.nib/objects-11.0+.nib ... 
2023-06-02 15:06:36 +0000  2189 bytes for ./Base.lproj/Main.storyboardc/ViewController.nib/objects-11.0+.nib
2023-06-02 15:06:36 +0000  copying file ./Base.lproj/Main.storyboardc/ViewController.nib/runtime.nib ... 
2023-06-02 15:06:36 +0000  2189 bytes for ./Base.lproj/Main.storyboardc/ViewController.nib/runtime.nib
2023-06-02 15:06:36 +0000  copying file ./Base.lproj/Main.storyboardc/ViewController.nib/objects-12.3+.nib ... 
2023-06-02 15:06:36 +0000  2189 bytes for ./Base.lproj/Main.storyboardc/ViewController.nib/objects-12.3+.nib
2023-06-02 15:06:36 +0000  copying file ./Base.lproj/Main.storyboardc/segueReport.nib/objects-11.0+.nib ... 
2023-06-02 15:06:36 +0000  1115 bytes for ./Base.lproj/Main.storyboardc/segueReport.nib/objects-11.0+.nib
2023-06-02 15:06:36 +0000  copying file ./Base.lproj/Main.storyboardc/segueReport.nib/runtime.nib ... 
2023-06-02 15:06:36 +0000  1115 bytes for ./Base.lproj/Main.storyboardc/segueReport.nib/runtime.nib
2023-06-02 15:06:36 +0000  copying file ./Base.lproj/Main.storyboardc/segueReport.nib/objects-12.3+.nib ... 
2023-06-02 15:06:36 +0000  1115 bytes for ./Base.lproj/Main.storyboardc/segueReport.nib/objects-12.3+.nib
2023-06-02 15:06:36 +0000  copying file ./Base.lproj/Main.storyboardc/XOY-Dh-Vyy-view-LKO-tt-el2.nib/objects-11.0+.nib ... 
2023-06-02 15:06:36 +0000  10966 bytes for ./Base.lproj/Main.storyboardc/XOY-Dh-Vyy-view-LKO-tt-el2.nib/objects-11.0+.nib
2023-06-02 15:06:36 +0000  copying file ./Base.lproj/Main.storyboardc/XOY-Dh-Vyy-view-LKO-tt-el2.nib/runtime.nib ... 
2023-06-02 15:06:36 +0000  10966 bytes for ./Base.lproj/Main.storyboardc/XOY-Dh-Vyy-view-LKO-tt-el2.nib/runtime.nib
2023-06-02 15:06:36 +0000  copying file ./Base.lproj/Main.storyboardc/XOY-Dh-Vyy-view-LKO-tt-el2.nib/objects-12.3+.nib ... 
2023-06-02 15:06:36 +0000  10966 bytes for ./Base.lproj/Main.storyboardc/XOY-Dh-Vyy-view-LKO-tt-el2.nib/objects-12.3+.nib
2023-06-02 15:06:36 +0000  copying file ./Base.lproj/Main.storyboardc/0ae-nn-pzT-view-NXc-eJ-UXD.nib/objects-11.0+.nib ... 
2023-06-02 15:06:36 +0000  5364 bytes for ./Base.lproj/Main.storyboardc/0ae-nn-pzT-view-NXc-eJ-UXD.nib/objects-11.0+.nib
2023-06-02 15:06:36 +0000  copying file ./Base.lproj/Main.storyboardc/0ae-nn-pzT-view-NXc-eJ-UXD.nib/runtime.nib ... 
2023-06-02 15:06:36 +0000  5361 bytes for ./Base.lproj/Main.storyboardc/0ae-nn-pzT-view-NXc-eJ-UXD.nib/runtime.nib
2023-06-02 15:06:36 +0000  copying file ./Base.lproj/Main.storyboardc/0ae-nn-pzT-view-NXc-eJ-UXD.nib/objects-12.3+.nib ... 
2023-06-02 15:06:36 +0000  5364 bytes for ./Base.lproj/Main.storyboardc/0ae-nn-pzT-view-NXc-eJ-UXD.nib/objects-12.3+.nib
2023-06-02 15:06:36 +0000  copying file ./Base.lproj/Main.storyboardc/22v-KG-ntc-view-CDJ-Oy-bVq.nib/objects-11.0+.nib ... 
2023-06-02 15:06:36 +0000  18969 bytes for ./Base.lproj/Main.storyboardc/22v-KG-ntc-view-CDJ-Oy-bVq.nib/objects-11.0+.nib
2023-06-02 15:06:36 +0000  copying file ./Base.lproj/Main.storyboardc/22v-KG-ntc-view-CDJ-Oy-bVq.nib/runtime.nib ... 
2023-06-02 15:06:36 +0000  18969 bytes for ./Base.lproj/Main.storyboardc/22v-KG-ntc-view-CDJ-Oy-bVq.nib/runtime.nib
2023-06-02 15:06:36 +0000  copying file ./Base.lproj/Main.storyboardc/22v-KG-ntc-view-CDJ-Oy-bVq.nib/objects-12.3+.nib ... 
2023-06-02 15:06:36 +0000  18969 bytes for ./Base.lproj/Main.storyboardc/22v-KG-ntc-view-CDJ-Oy-bVq.nib/objects-12.3+.nib
2023-06-02 15:06:36 +0000  copying file ./Base.lproj/Main.storyboardc/DynamicForm.nib/objects-11.0+.nib ... 
2023-06-02 15:06:36 +0000  1115 bytes for ./Base.lproj/Main.storyboardc/DynamicForm.nib/objects-11.0+.nib
2023-06-02 15:06:36 +0000  copying file ./Base.lproj/Main.storyboardc/DynamicForm.nib/runtime.nib ... 
2023-06-02 15:06:36 +0000  1115 bytes for ./Base.lproj/Main.storyboardc/DynamicForm.nib/runtime.nib
2023-06-02 15:06:36 +0000  copying file ./Base.lproj/Main.storyboardc/DynamicForm.nib/objects-12.3+.nib ... 
2023-06-02 15:06:36 +0000  1115 bytes for ./Base.lproj/Main.storyboardc/DynamicForm.nib/objects-12.3+.nib
2023-06-02 15:06:36 +0000  copying file ./Base.lproj/Main.storyboardc/Bza-cH-MNB-view-tzU-ZF-2eU.nib/objects-11.0+.nib ... 
2023-06-02 15:06:36 +0000  10283 bytes for ./Base.lproj/Main.storyboardc/Bza-cH-MNB-view-tzU-ZF-2eU.nib/objects-11.0+.nib
2023-06-02 15:06:36 +0000  copying file ./Base.lproj/Main.storyboardc/Bza-cH-MNB-view-tzU-ZF-2eU.nib/runtime.nib ... 
2023-06-02 15:06:36 +0000  10283 bytes for ./Base.lproj/Main.storyboardc/Bza-cH-MNB-view-tzU-ZF-2eU.nib/runtime.nib
2023-06-02 15:06:36 +0000  copying file ./Base.lproj/Main.storyboardc/Bza-cH-MNB-view-tzU-ZF-2eU.nib/objects-12.3+.nib ... 
2023-06-02 15:06:36 +0000  10283 bytes for ./Base.lproj/Main.storyboardc/Bza-cH-MNB-view-tzU-ZF-2eU.nib/objects-12.3+.nib
2023-06-02 15:06:36 +0000  copying file ./Base.lproj/Main.storyboardc/YrU-Tp-Btt-view-QcI-36-GHm.nib/objects-11.0+.nib ... 
2023-06-02 15:06:36 +0000  8900 bytes for ./Base.lproj/Main.storyboardc/YrU-Tp-Btt-view-QcI-36-GHm.nib/objects-11.0+.nib
2023-06-02 15:06:36 +0000  copying file ./Base.lproj/Main.storyboardc/YrU-Tp-Btt-view-QcI-36-GHm.nib/runtime.nib ... 
2023-06-02 15:06:36 +0000  8830 bytes for ./Base.lproj/Main.storyboardc/YrU-Tp-Btt-view-QcI-36-GHm.nib/runtime.nib
2023-06-02 15:06:36 +0000  copying file ./Base.lproj/Main.storyboardc/YrU-Tp-Btt-view-QcI-36-GHm.nib/objects-12.3+.nib ... 
2023-06-02 15:06:36 +0000  8900 bytes for ./Base.lproj/Main.storyboardc/YrU-Tp-Btt-view-QcI-36-GHm.nib/objects-12.3+.nib
2023-06-02 15:06:36 +0000  copying file ./Base.lproj/Main.storyboardc/eha-N4-uo1-view-CvA-0v-jCI.nib/objects-11.0+.nib ... 
2023-06-02 15:06:36 +0000  3571 bytes for ./Base.lproj/Main.storyboardc/eha-N4-uo1-view-CvA-0v-jCI.nib/objects-11.0+.nib
2023-06-02 15:06:36 +0000  copying file ./Base.lproj/Main.storyboardc/eha-N4-uo1-view-CvA-0v-jCI.nib/runtime.nib ... 
2023-06-02 15:06:36 +0000  3571 bytes for ./Base.lproj/Main.storyboardc/eha-N4-uo1-view-CvA-0v-jCI.nib/runtime.nib
2023-06-02 15:06:36 +0000  copying file ./Base.lproj/Main.storyboardc/eha-N4-uo1-view-CvA-0v-jCI.nib/objects-12.3+.nib ... 
2023-06-02 15:06:36 +0000  3571 bytes for ./Base.lproj/Main.storyboardc/eha-N4-uo1-view-CvA-0v-jCI.nib/objects-12.3+.nib
2023-06-02 15:06:36 +0000  copying file ./Base.lproj/Main.storyboardc/Yc9-kT-Yzc-view-8jM-UC-hdI.nib/objects-11.0+.nib ... 
2023-06-02 15:06:36 +0000  10440 bytes for ./Base.lproj/Main.storyboardc/Yc9-kT-Yzc-view-8jM-UC-hdI.nib/objects-11.0+.nib
2023-06-02 15:06:36 +0000  copying file ./Base.lproj/Main.storyboardc/Yc9-kT-Yzc-view-8jM-UC-hdI.nib/runtime.nib ... 
2023-06-02 15:06:36 +0000  10440 bytes for ./Base.lproj/Main.storyboardc/Yc9-kT-Yzc-view-8jM-UC-hdI.nib/runtime.nib
2023-06-02 15:06:36 +0000  copying file ./Base.lproj/Main.storyboardc/Yc9-kT-Yzc-view-8jM-UC-hdI.nib/objects-12.3+.nib ... 
2023-06-02 15:06:36 +0000  10440 bytes for ./Base.lproj/Main.storyboardc/Yc9-kT-Yzc-view-8jM-UC-hdI.nib/objects-12.3+.nib
2023-06-02 15:06:36 +0000  copying file ./Base.lproj/Main.storyboardc/segueAbout.nib/objects-11.0+.nib ... 
2023-06-02 15:06:36 +0000  1005 bytes for ./Base.lproj/Main.storyboardc/segueAbout.nib/objects-11.0+.nib
2023-06-02 15:06:36 +0000  copying file ./Base.lproj/Main.storyboardc/segueAbout.nib/runtime.nib ... 
2023-06-02 15:06:36 +0000  1005 bytes for ./Base.lproj/Main.storyboardc/segueAbout.nib/runtime.nib
2023-06-02 15:06:36 +0000  copying file ./Base.lproj/Main.storyboardc/segueAbout.nib/objects-12.3+.nib ... 
2023-06-02 15:06:36 +0000  1005 bytes for ./Base.lproj/Main.storyboardc/segueAbout.nib/objects-12.3+.nib
2023-06-02 15:06:36 +0000  copying file ./Base.lproj/Main.storyboardc/Ot7-5f-2DA-view-mW5-oJ-Qxb.nib/objects-11.0+.nib ... 
2023-06-02 15:06:36 +0000  12564 bytes for ./Base.lproj/Main.storyboardc/Ot7-5f-2DA-view-mW5-oJ-Qxb.nib/objects-11.0+.nib
2023-06-02 15:06:36 +0000  copying file ./Base.lproj/Main.storyboardc/Ot7-5f-2DA-view-mW5-oJ-Qxb.nib/runtime.nib ... 
2023-06-02 15:06:36 +0000  12564 bytes for ./Base.lproj/Main.storyboardc/Ot7-5f-2DA-view-mW5-oJ-Qxb.nib/runtime.nib
2023-06-02 15:06:36 +0000  copying file ./Base.lproj/Main.storyboardc/Ot7-5f-2DA-view-mW5-oJ-Qxb.nib/objects-12.3+.nib ... 
2023-06-02 15:06:36 +0000  12564 bytes for ./Base.lproj/Main.storyboardc/Ot7-5f-2DA-view-mW5-oJ-Qxb.nib/objects-12.3+.nib
2023-06-02 15:06:36 +0000  copying file ./Base.lproj/Main.storyboardc/segueHelp.nib/objects-11.0+.nib ... 
2023-06-02 15:06:36 +0000  1003 bytes for ./Base.lproj/Main.storyboardc/segueHelp.nib/objects-11.0+.nib
2023-06-02 15:06:36 +0000  copying file ./Base.lproj/Main.storyboardc/segueHelp.nib/runtime.nib ... 
2023-06-02 15:06:36 +0000  1003 bytes for ./Base.lproj/Main.storyboardc/segueHelp.nib/runtime.nib
2023-06-02 15:06:36 +0000  copying file ./Base.lproj/Main.storyboardc/segueHelp.nib/objects-12.3+.nib ... 
2023-06-02 15:06:36 +0000  1003 bytes for ./Base.lproj/Main.storyboardc/segueHelp.nib/objects-12.3+.nib
2023-06-02 15:06:36 +0000  copying file ./Base.lproj/Main.storyboardc/Report.nib/objects-11.0+.nib ... 
2023-06-02 15:06:36 +0000  1110 bytes for ./Base.lproj/Main.storyboardc/Report.nib/objects-11.0+.nib
2023-06-02 15:06:36 +0000  copying file ./Base.lproj/Main.storyboardc/Report.nib/runtime.nib ... 
2023-06-02 15:06:36 +0000  1110 bytes for ./Base.lproj/Main.storyboardc/Report.nib/runtime.nib
2023-06-02 15:06:36 +0000  copying file ./Base.lproj/Main.storyboardc/Report.nib/objects-12.3+.nib ... 
2023-06-02 15:06:36 +0000  1110 bytes for ./Base.lproj/Main.storyboardc/Report.nib/objects-12.3+.nib
2023-06-02 15:06:36 +0000  copying file ./Base.lproj/Main.storyboardc/ActiveReport.nib/objects-11.0+.nib ... 
2023-06-02 15:06:36 +0000  1166 bytes for ./Base.lproj/Main.storyboardc/ActiveReport.nib/objects-11.0+.nib
2023-06-02 15:06:36 +0000  copying file ./Base.lproj/Main.storyboardc/ActiveReport.nib/runtime.nib ... 
2023-06-02 15:06:36 +0000  1166 bytes for ./Base.lproj/Main.storyboardc/ActiveReport.nib/runtime.nib
2023-06-02 15:06:36 +0000  copying file ./Base.lproj/Main.storyboardc/ActiveReport.nib/objects-12.3+.nib ... 
2023-06-02 15:06:36 +0000  1166 bytes for ./Base.lproj/Main.storyboardc/ActiveReport.nib/objects-12.3+.nib
2023-06-02 15:06:36 +0000  copying file ./Base.lproj/Main.storyboardc/MenuViewController.nib/objects-11.0+.nib ... 
2023-06-02 15:06:36 +0000  1201 bytes for ./Base.lproj/Main.storyboardc/MenuViewController.nib/objects-11.0+.nib
2023-06-02 15:06:36 +0000  copying file ./Base.lproj/Main.storyboardc/MenuViewController.nib/runtime.nib ... 
2023-06-02 15:06:36 +0000  1201 bytes for ./Base.lproj/Main.storyboardc/MenuViewController.nib/runtime.nib
2023-06-02 15:06:36 +0000  copying file ./Base.lproj/Main.storyboardc/MenuViewController.nib/objects-12.3+.nib ... 
2023-06-02 15:06:36 +0000  1201 bytes for ./Base.lproj/Main.storyboardc/MenuViewController.nib/objects-12.3+.nib
2023-06-02 15:06:36 +0000  copying file ./Base.lproj/Main.storyboardc/eQ2-fb-asS-view-OEZ-JP-tQh.nib/objects-11.0+.nib ... 
2023-06-02 15:06:36 +0000  8712 bytes for ./Base.lproj/Main.storyboardc/eQ2-fb-asS-view-OEZ-JP-tQh.nib/objects-11.0+.nib
2023-06-02 15:06:36 +0000  copying file ./Base.lproj/Main.storyboardc/eQ2-fb-asS-view-OEZ-JP-tQh.nib/runtime.nib ... 
2023-06-02 15:06:36 +0000  8712 bytes for ./Base.lproj/Main.storyboardc/eQ2-fb-asS-view-OEZ-JP-tQh.nib/runtime.nib
2023-06-02 15:06:36 +0000  copying file ./Base.lproj/Main.storyboardc/eQ2-fb-asS-view-OEZ-JP-tQh.nib/objects-12.3+.nib ... 
2023-06-02 15:06:36 +0000  8712 bytes for ./Base.lproj/Main.storyboardc/eQ2-fb-asS-view-OEZ-JP-tQh.nib/objects-12.3+.nib
2023-06-02 15:06:36 +0000  copying file ./Base.lproj/Main.storyboardc/eax-An-z9k-view-mLG-TL-fkR.nib/objects-11.0+.nib ... 
2023-06-02 15:06:36 +0000  35580 bytes for ./Base.lproj/Main.storyboardc/eax-An-z9k-view-mLG-TL-fkR.nib/objects-11.0+.nib
2023-06-02 15:06:36 +0000  copying file ./Base.lproj/Main.storyboardc/eax-An-z9k-view-mLG-TL-fkR.nib/runtime.nib ... 
2023-06-02 15:06:36 +0000  35580 bytes for ./Base.lproj/Main.storyboardc/eax-An-z9k-view-mLG-TL-fkR.nib/runtime.nib
2023-06-02 15:06:36 +0000  copying file ./Base.lproj/Main.storyboardc/eax-An-z9k-view-mLG-TL-fkR.nib/objects-12.3+.nib ... 
2023-06-02 15:06:36 +0000  35580 bytes for ./Base.lproj/Main.storyboardc/eax-An-z9k-view-mLG-TL-fkR.nib/objects-12.3+.nib
2023-06-02 15:06:36 +0000  copying file ./Base.lproj/Main.storyboardc/hdc-ni-HU8-view-Y2N-h3-DoS.nib/objects-11.0+.nib ... 
2023-06-02 15:06:36 +0000  88923 bytes for ./Base.lproj/Main.storyboardc/hdc-ni-HU8-view-Y2N-h3-DoS.nib/objects-11.0+.nib
2023-06-02 15:06:36 +0000  copying file ./Base.lproj/Main.storyboardc/hdc-ni-HU8-view-Y2N-h3-DoS.nib/runtime.nib ... 
2023-06-02 15:06:36 +0000  88990 bytes for ./Base.lproj/Main.storyboardc/hdc-ni-HU8-view-Y2N-h3-DoS.nib/runtime.nib
2023-06-02 15:06:36 +0000  copying file ./Base.lproj/Main.storyboardc/hdc-ni-HU8-view-Y2N-h3-DoS.nib/objects-12.3+.nib ... 
2023-06-02 15:06:36 +0000  88923 bytes for ./Base.lproj/Main.storyboardc/hdc-ni-HU8-view-Y2N-h3-DoS.nib/objects-12.3+.nib
2023-06-02 15:06:36 +0000  copying file ./Base.lproj/Main.storyboardc/segueBarcode.nib/objects-11.0+.nib ... 
2023-06-02 15:06:36 +0000  1119 bytes for ./Base.lproj/Main.storyboardc/segueBarcode.nib/objects-11.0+.nib
2023-06-02 15:06:36 +0000  copying file ./Base.lproj/Main.storyboardc/segueBarcode.nib/runtime.nib ... 
2023-06-02 15:06:36 +0000  1119 bytes for ./Base.lproj/Main.storyboardc/segueBarcode.nib/runtime.nib
2023-06-02 15:06:36 +0000  copying file ./Base.lproj/Main.storyboardc/segueBarcode.nib/objects-12.3+.nib ... 
2023-06-02 15:06:36 +0000  1119 bytes for ./Base.lproj/Main.storyboardc/segueBarcode.nib/objects-12.3+.nib
2023-06-02 15:06:36 +0000  copying file ./Base.lproj/Main.storyboardc/L1d-Ru-tg0-view-ABA-CO-ZBo.nib/objects-11.0+.nib ... 
2023-06-02 15:06:36 +0000  16680 bytes for ./Base.lproj/Main.storyboardc/L1d-Ru-tg0-view-ABA-CO-ZBo.nib/objects-11.0+.nib
2023-06-02 15:06:36 +0000  copying file ./Base.lproj/Main.storyboardc/L1d-Ru-tg0-view-ABA-CO-ZBo.nib/runtime.nib ... 
2023-06-02 15:06:36 +0000  16680 bytes for ./Base.lproj/Main.storyboardc/L1d-Ru-tg0-view-ABA-CO-ZBo.nib/runtime.nib
2023-06-02 15:06:36 +0000  copying file ./Base.lproj/Main.storyboardc/L1d-Ru-tg0-view-ABA-CO-ZBo.nib/objects-12.3+.nib ... 
2023-06-02 15:06:36 +0000  16680 bytes for ./Base.lproj/Main.storyboardc/L1d-Ru-tg0-view-ABA-CO-ZBo.nib/objects-12.3+.nib
2023-06-02 15:06:36 +0000  copying file ./Base.lproj/Main.storyboardc/SowReport.nib/objects-11.0+.nib ... 
2023-06-02 15:06:36 +0000  1308 bytes for ./Base.lproj/Main.storyboardc/SowReport.nib/objects-11.0+.nib
2023-06-02 15:06:36 +0000  copying file ./Base.lproj/Main.storyboardc/SowReport.nib/runtime.nib ... 
2023-06-02 15:06:36 +0000  1308 bytes for ./Base.lproj/Main.storyboardc/SowReport.nib/runtime.nib
2023-06-02 15:06:36 +0000  copying file ./Base.lproj/Main.storyboardc/SowReport.nib/objects-12.3+.nib ... 
2023-06-02 15:06:36 +0000  1308 bytes for ./Base.lproj/Main.storyboardc/SowReport.nib/objects-12.3+.nib
2023-06-02 15:06:36 +0000  copying file ./Base.lproj/Main.storyboardc/fdo-XG-Ecf-view-JNe-Al-j3V.nib/objects-11.0+.nib ... 
2023-06-02 15:06:36 +0000  11846 bytes for ./Base.lproj/Main.storyboardc/fdo-XG-Ecf-view-JNe-Al-j3V.nib/objects-11.0+.nib
2023-06-02 15:06:36 +0000  copying file ./Base.lproj/Main.storyboardc/fdo-XG-Ecf-view-JNe-Al-j3V.nib/runtime.nib ... 
2023-06-02 15:06:36 +0000  11846 bytes for ./Base.lproj/Main.storyboardc/fdo-XG-Ecf-view-JNe-Al-j3V.nib/runtime.nib
2023-06-02 15:06:36 +0000  copying file ./Base.lproj/Main.storyboardc/fdo-XG-Ecf-view-JNe-Al-j3V.nib/objects-12.3+.nib ... 
2023-06-02 15:06:36 +0000  11846 bytes for ./Base.lproj/Main.storyboardc/fdo-XG-Ecf-view-JNe-Al-j3V.nib/objects-12.3+.nib
2023-06-02 15:06:36 +0000  copying file ./Base.lproj/Main.storyboardc/jXn-hB-zy3-view-ZSu-Np-4NN.nib/objects-11.0+.nib ... 
2023-06-02 15:06:36 +0000  31248 bytes for ./Base.lproj/Main.storyboardc/jXn-hB-zy3-view-ZSu-Np-4NN.nib/objects-11.0+.nib
2023-06-02 15:06:36 +0000  copying file ./Base.lproj/Main.storyboardc/jXn-hB-zy3-view-ZSu-Np-4NN.nib/runtime.nib ... 
2023-06-02 15:06:36 +0000  31248 bytes for ./Base.lproj/Main.storyboardc/jXn-hB-zy3-view-ZSu-Np-4NN.nib/runtime.nib
2023-06-02 15:06:36 +0000  copying file ./Base.lproj/Main.storyboardc/jXn-hB-zy3-view-ZSu-Np-4NN.nib/objects-12.3+.nib ... 
2023-06-02 15:06:36 +0000  31703 bytes for ./Base.lproj/Main.storyboardc/jXn-hB-zy3-view-ZSu-Np-4NN.nib/objects-12.3+.nib
2023-06-02 15:06:36 +0000  copying file ./Base.lproj/Main.storyboardc/segueDataEntry.nib/objects-11.0+.nib ... 
2023-06-02 15:06:36 +0000  1411 bytes for ./Base.lproj/Main.storyboardc/segueDataEntry.nib/objects-11.0+.nib
2023-06-02 15:06:36 +0000  copying file ./Base.lproj/Main.storyboardc/segueDataEntry.nib/runtime.nib ... 
2023-06-02 15:06:36 +0000  1411 bytes for ./Base.lproj/Main.storyboardc/segueDataEntry.nib/runtime.nib
2023-06-02 15:06:36 +0000  copying file ./Base.lproj/Main.storyboardc/segueDataEntry.nib/objects-12.3+.nib ... 
2023-06-02 15:06:36 +0000  1411 bytes for ./Base.lproj/Main.storyboardc/segueDataEntry.nib/objects-12.3+.nib
2023-06-02 15:06:36 +0000  copying file ./Base.lproj/Main.storyboardc/DropDownSearchViewController.nib/objects-11.0+.nib ... 
2023-06-02 15:06:36 +0000  1028 bytes for ./Base.lproj/Main.storyboardc/DropDownSearchViewController.nib/objects-11.0+.nib
2023-06-02 15:06:36 +0000  copying file ./Base.lproj/Main.storyboardc/DropDownSearchViewController.nib/runtime.nib ... 
2023-06-02 15:06:36 +0000  1028 bytes for ./Base.lproj/Main.storyboardc/DropDownSearchViewController.nib/runtime.nib
2023-06-02 15:06:36 +0000  copying file ./Base.lproj/Main.storyboardc/DropDownSearchViewController.nib/objects-12.3+.nib ... 
2023-06-02 15:06:36 +0000  1028 bytes for ./Base.lproj/Main.storyboardc/DropDownSearchViewController.nib/objects-12.3+.nib
2023-06-02 15:06:36 +0000  copying file ./Base.lproj/Main.storyboardc/UINavigationController-yBH-gN-LA2.nib/objects-11.0+.nib ... 
2023-06-02 15:06:36 +0000  3111 bytes for ./Base.lproj/Main.storyboardc/UINavigationController-yBH-gN-LA2.nib/objects-11.0+.nib
2023-06-02 15:06:36 +0000  copying file ./Base.lproj/Main.storyboardc/UINavigationController-yBH-gN-LA2.nib/runtime.nib ... 
2023-06-02 15:06:36 +0000  3111 bytes for ./Base.lproj/Main.storyboardc/UINavigationController-yBH-gN-LA2.nib/runtime.nib
2023-06-02 15:06:36 +0000  copying file ./Base.lproj/Main.storyboardc/UINavigationController-yBH-gN-LA2.nib/objects-12.3+.nib ... 
2023-06-02 15:06:36 +0000  3111 bytes for ./Base.lproj/Main.storyboardc/UINavigationController-yBH-gN-LA2.nib/objects-12.3+.nib
2023-06-02 15:06:36 +0000  copying file ./Base.lproj/Main.storyboardc/UIViewController-fuY-MI-mUY.nib/objects-11.0+.nib ... 
2023-06-02 15:06:36 +0000  1244 bytes for ./Base.lproj/Main.storyboardc/UIViewController-fuY-MI-mUY.nib/objects-11.0+.nib
2023-06-02 15:06:36 +0000  copying file ./Base.lproj/Main.storyboardc/UIViewController-fuY-MI-mUY.nib/runtime.nib ... 
2023-06-02 15:06:36 +0000  1244 bytes for ./Base.lproj/Main.storyboardc/UIViewController-fuY-MI-mUY.nib/runtime.nib
2023-06-02 15:06:36 +0000  copying file ./Base.lproj/Main.storyboardc/UIViewController-fuY-MI-mUY.nib/objects-12.3+.nib ... 
2023-06-02 15:06:36 +0000  1244 bytes for ./Base.lproj/Main.storyboardc/UIViewController-fuY-MI-mUY.nib/objects-12.3+.nib
2023-06-02 15:06:36 +0000  copying file ./Base.lproj/Main.storyboardc/Wjh-tQ-BaC-view-iBs-jQ-PpN.nib/objects-11.0+.nib ... 
2023-06-02 15:06:36 +0000  26409 bytes for ./Base.lproj/Main.storyboardc/Wjh-tQ-BaC-view-iBs-jQ-PpN.nib/objects-11.0+.nib
2023-06-02 15:06:36 +0000  copying file ./Base.lproj/Main.storyboardc/Wjh-tQ-BaC-view-iBs-jQ-PpN.nib/runtime.nib ... 
2023-06-02 15:06:36 +0000  26409 bytes for ./Base.lproj/Main.storyboardc/Wjh-tQ-BaC-view-iBs-jQ-PpN.nib/runtime.nib
2023-06-02 15:06:36 +0000  copying file ./Base.lproj/Main.storyboardc/Wjh-tQ-BaC-view-iBs-jQ-PpN.nib/objects-12.3+.nib ... 
2023-06-02 15:06:36 +0000  26409 bytes for ./Base.lproj/Main.storyboardc/Wjh-tQ-BaC-view-iBs-jQ-PpN.nib/objects-12.3+.nib
2023-06-02 15:06:36 +0000  copying file ./Base.lproj/Main.storyboardc/Info.plist ... 
2023-06-02 15:06:36 +0000  1189 bytes for ./Base.lproj/Main.storyboardc/Info.plist
2023-06-02 15:06:36 +0000  copying file ./Base.lproj/Main.storyboardc/DataEntrySubMenu.nib/objects-11.0+.nib ... 
2023-06-02 15:06:36 +0000  1285 bytes for ./Base.lproj/Main.storyboardc/DataEntrySubMenu.nib/objects-11.0+.nib
2023-06-02 15:06:36 +0000  copying file ./Base.lproj/Main.storyboardc/DataEntrySubMenu.nib/runtime.nib ... 
2023-06-02 15:06:36 +0000  1285 bytes for ./Base.lproj/Main.storyboardc/DataEntrySubMenu.nib/runtime.nib
2023-06-02 15:06:36 +0000  copying file ./Base.lproj/Main.storyboardc/DataEntrySubMenu.nib/objects-12.3+.nib ... 
2023-06-02 15:06:36 +0000  1285 bytes for ./Base.lproj/Main.storyboardc/DataEntrySubMenu.nib/objects-12.3+.nib
2023-06-02 15:06:36 +0000  copying file ./Base.lproj/LaunchScreen.storyboardc/01J-lp-oVM-view-Ze5-6b-2t3.nib ... 
2023-06-02 15:06:36 +0000  2810 bytes for ./Base.lproj/LaunchScreen.storyboardc/01J-lp-oVM-view-Ze5-6b-2t3.nib
2023-06-02 15:06:36 +0000  copying file ./Base.lproj/LaunchScreen.storyboardc/UIViewController-01J-lp-oVM.nib ... 
2023-06-02 15:06:36 +0000  896 bytes for ./Base.lproj/LaunchScreen.storyboardc/UIViewController-01J-lp-oVM.nib
2023-06-02 15:06:36 +0000  copying file ./Base.lproj/LaunchScreen.storyboardc/Info.plist ... 
2023-06-02 15:06:36 +0000  258 bytes for ./Base.lproj/LaunchScreen.storyboardc/Info.plist
2023-06-02 15:06:36 +0000  copying file ./Localizable.strings ... 
2023-06-02 15:06:37 +0000  602 bytes for ./Localizable.strings
2023-06-02 15:06:37 +0000  copying file ./icon_reports_sort.png ... 
2023-06-02 15:06:37 +0000  392 bytes for ./icon_reports_sort.png
2023-06-02 15:06:37 +0000  copying file ./Assets.car ... 
2023-06-02 15:06:37 +0000  1646207 bytes for ./Assets.car
2023-06-02 15:06:37 +0000  copying file ./AppIcon40x40@2x~ipad.png ... 
5792 bytes for ./AppIcon40x40@2x~ipad.png
copying file ./AppIcon76x76@2x~ipad.png ... 
11829 bytes for ./AppIcon76x76@2x~ipad.png
copying file ./LaunchImage-800-Portrait-736h@3x.png ... 
2023-06-02 15:06:37 +0000  934608 bytes for ./LaunchImage-800-Portrait-736h@3x.png
2023-06-02 15:06:37 +0000  copying file ./Contents.json ... 
2031 bytes for ./Contents.json
copying file ./AppIcon83.5x83.5@2x~ipad.png ... 
2023-06-02 15:06:37 +0000  15972 bytes for ./AppIcon83.5x83.5@2x~ipad.png
2023-06-02 15:06:37 +0000  copying file ./1242x2208.png ... 
2023-06-02 15:06:37 +0000  934608 bytes for ./1242x2208.png
2023-06-02 15:06:37 +0000  copying file ./LaunchImage-1200-Portrait-1792h@2x.png ... 
2023-06-02 15:06:37 +0000  1175496 bytes for ./LaunchImage-1200-Portrait-1792h@2x.png
2023-06-02 15:06:37 +0000  copying file ./AppIcon29x29@2x~ipad.png ... 
3595 bytes for ./AppIcon29x29@2x~ipad.png
copying file ./AppIcon40x40~ipad.png ... 
2259 bytes for ./AppIcon40x40~ipad.png
2023-06-02 15:06:37 +0000  copying file ./embedded.mobileprovision ... 
2023-06-02 15:06:37 +0000  21349 bytes for ./embedded.mobileprovision
2023-06-02 15:06:37 +0000  copying file ./Info.plist ... 
2023-06-02 15:06:37 +0000  2122 bytes for ./Info.plist
2023-06-02 15:06:37 +0000  copying file ./PkgInfo ... 
2023-06-02 15:06:37 +0000  8 bytes for ./PkgInfo
2023-06-02 15:06:37 +0000  copying file ./Francais.lng ... 
2023-06-02 15:06:37 +0000  1559110 bytes for ./Francais.lng
2023-06-02 15:06:37 +0000  copying file ./AppIcon76x76~ipad.png ... 
5421 bytes for ./AppIcon76x76~ipad.png
2023-06-02 15:06:37 +0000  /usr/bin/ditto exited with 0
2023-06-02 15:06:37 +0000  Processing step: IDEDistributionEmbedProfileStep
2023-06-02 15:06:37 +0000  Processing step: IDEDistributionInfoPlistStep
2023-06-02 15:06:37 +0000  Skipping step: IDEDistributionInfoPlistStep because it said so
2023-06-02 15:06:37 +0000  Processing step: IDEDistributionAppThinningPlistStep
2023-06-02 15:06:37 +0000  Skipping step: IDEDistributionAppThinningPlistStep because it said so
2023-06-02 15:06:37 +0000  Processing step: IDEDistributionCompileBitcodeStep
2023-06-02 15:06:37 +0000  Skipping step: IDEDistributionCompileBitcodeStep because it said so
2023-06-02 15:06:37 +0000  Processing step: IDEDistributionCodeSlimmingStep
2023-06-02 15:06:37 +0000  Processing step: IDEDistributionCopyBCSymbolMapsStep
2023-06-02 15:06:37 +0000  Skipping step: IDEDistributionCopyBCSymbolMapsStep because it said so
2023-06-02 15:06:37 +0000  Processing step: IDEDistributionSymbolsStep
2023-06-02 15:06:37 +0000  Skipping step: IDEDistributionSymbolsStep because it said so
2023-06-02 15:06:37 +0000  Processing step: IDEDistributionAppThinningStep
2023-06-02 15:06:37 +0000  Skipping step: IDEDistributionAppThinningStep because it said so
2023-06-02 15:06:37 +0000  Processing step: IDEDistributionArchThinningStep
2023-06-02 15:06:37 +0000  Running /Applications/Xcode.app/Contents/Developer/Toolchains/XcodeDefault.xctoolchain/usr/bin/lipo '/var/folders/0v/fq_hkp711mx8qgdpjknvmqnm0000gq/T/XcodeDistPipeline.~~~6wryMv/Root/Payload/PigChamp.app/PigChamp' '-verify_arch' 'arm64e'
2023-06-02 15:06:37 +0000  /Applications/Xcode.app/Contents/Developer/Toolchains/XcodeDefault.xctoolchain/usr/bin/lipo exited with 1
2023-06-02 15:06:37 +0000  Skipping architecture thinning for item "PigChamp" because arch "arm64e" wasn't found
2023-06-02 15:06:37 +0000  Processing step: IDEDistributionODRStep
2023-06-02 15:06:37 +0000  Processing step: IDEDistributionStripXattrsStep
2023-06-02 15:06:37 +0000  Running /usr/bin/xattr '-crs' '/var/folders/0v/fq_hkp711mx8qgdpjknvmqnm0000gq/T/XcodeDistPipeline.~~~6wryMv/Root/Payload/PigChamp.app'
2023-06-02 15:06:37 +0000  /usr/bin/xattr exited with 0
2023-06-02 15:06:37 +0000  Processing step: IDEDistributionCodesignStep
2023-06-02 15:06:37 +0000  Entitlements for <IDEDistributionItem: 0x60001bdb2dc0; bundleID='com.venturelabour.pigchamp', path='<DVTFilePath:0x6000130113b0:'/Users/gudipatiharikrishna/Library/Developer/Xcode/Archives/2023-06-02/PigChamp 2023-06-02, 8.36 PM.xcarchive/Products/Applications/PigChamp.app'>', codeSigningInfo='<_DVTCodeSigningInformation_Path: 0x60002f8b1d60; isSigned='1', isAdHocSigned='0', signingCertificate='<DVTSigningCertificate: 0x60000eccc160; name='Apple Development: VLWebtech iOSTeam (JPF26D6Z4B)', hash='673E0F25D6040AEEF4935ACFE538D073F62D306C', serialNumber='465234ED11884D2BA1C2BC57ED5283A7', certificateKinds='(
    "1.2.840.113635.100.6.1.12",
    "1.2.840.113635.100.6.1.2"
), issueDate='2022-08-26 11:17:01 +0000''>', entitlements='{
    "application-identifier" = "Y44NMWY76J.com.venturelabour.pigchamp";
    "com.apple.developer.team-identifier" = Y44NMWY76J;
    "get-task-allow" = 1;
}', teamID='Y44NMWY76J', identifier='com.venturelabour.pigchamp', executablePath='<DVTFilePath:0x60001f3cef40:'/Users/gudipatiharikrishna/Library/Developer/Xcode/Archives/2023-06-02/PigChamp 2023-06-02, 8.36 PM.xcarchive/Products/Applications/PigChamp.app/PigChamp'>', hardenedRuntime='0'>'>: {
    "application-identifier" = "Y44NMWY76J.com.venturelabour.pigchamp";
    "com.apple.developer.team-identifier" = Y44NMWY76J;
    "get-task-allow" = 1;
}
2023-06-02 15:06:37 +0000  Entitlements for <IDEDistributionItem: 0x60001bdb2dc0; bundleID='com.venturelabour.pigchamp', path='<DVTFilePath:0x6000130113b0:'/Users/gudipatiharikrishna/Library/Developer/Xcode/Archives/2023-06-02/PigChamp 2023-06-02, 8.36 PM.xcarchive/Products/Applications/PigChamp.app'>', codeSigningInfo='<_DVTCodeSigningInformation_Path: 0x60002f8b1d60; isSigned='1', isAdHocSigned='0', signingCertificate='<DVTSigningCertificate: 0x60000ecb9ad0; name='Apple Development: VLWebtech iOSTeam (JPF26D6Z4B)', hash='673E0F25D6040AEEF4935ACFE538D073F62D306C', serialNumber='465234ED11884D2BA1C2BC57ED5283A7', certificateKinds='(
    "1.2.840.113635.100.6.1.12",
    "1.2.840.113635.100.6.1.2"
), issueDate='2022-08-26 11:17:01 +0000''>', entitlements='{
    "application-identifier" = "Y44NMWY76J.com.venturelabour.pigchamp";
    "com.apple.developer.team-identifier" = Y44NMWY76J;
    "get-task-allow" = 1;
}', teamID='Y44NMWY76J', identifier='com.venturelabour.pigchamp', executablePath='<DVTFilePath:0x60001f3cef40:'/Users/gudipatiharikrishna/Library/Developer/Xcode/Archives/2023-06-02/PigChamp 2023-06-02, 8.36 PM.xcarchive/Products/Applications/PigChamp.app/PigChamp'>', hardenedRuntime='0'>'> are: {
    "application-identifier" = "Y44NMWY76J.com.venturelabour.pigchamp";
    "com.apple.developer.team-identifier" = Y44NMWY76J;
    "get-task-allow" = 1;
}
2023-06-02 15:06:37 +0000  Writing entitlements for <IDEDistributionItem: 0x60001bdb2dc0; bundleID='com.venturelabour.pigchamp', path='<DVTFilePath:0x6000130113b0:'/Users/gudipatiharikrishna/Library/Developer/Xcode/Archives/2023-06-02/PigChamp 2023-06-02, 8.36 PM.xcarchive/Products/Applications/PigChamp.app'>', codeSigningInfo='<_DVTCodeSigningInformation_Path: 0x60002f8b1d60; isSigned='1', isAdHocSigned='0', signingCertificate='<DVTSigningCertificate: 0x60000ecb9fa0; name='Apple Development: VLWebtech iOSTeam (JPF26D6Z4B)', hash='673E0F25D6040AEEF4935ACFE538D073F62D306C', serialNumber='465234ED11884D2BA1C2BC57ED5283A7', certificateKinds='(
    "1.2.840.113635.100.6.1.12",
    "1.2.840.113635.100.6.1.2"
), issueDate='2022-08-26 11:17:01 +0000''>', entitlements='{
    "application-identifier" = "Y44NMWY76J.com.venturelabour.pigchamp";
    "com.apple.developer.team-identifier" = Y44NMWY76J;
    "get-task-allow" = 1;
}', teamID='Y44NMWY76J', identifier='com.venturelabour.pigchamp', executablePath='<DVTFilePath:0x60001f3cef40:'/Users/gudipatiharikrishna/Library/Developer/Xcode/Archives/2023-06-02/PigChamp 2023-06-02, 8.36 PM.xcarchive/Products/Applications/PigChamp.app/PigChamp'>', hardenedRuntime='0'>'> to: /var/folders/0v/fq_hkp711mx8qgdpjknvmqnm0000gq/T/XcodeDistPipeline.~~~6wryMv/entitlements~~~uYJv1D
2023-06-02 15:06:37 +0000  Running /usr/bin/codesign '-vvv' '--force' '--sign' '673E0F25D6040AEEF4935ACFE538D073F62D306C' '--entitlements' '/var/folders/0v/fq_hkp711mx8qgdpjknvmqnm0000gq/T/XcodeDistPipeline.~~~6wryMv/entitlements~~~uYJv1D' '--generate-entitlement-der' '--preserve-metadata=identifier,flags,runtime' '/var/folders/0v/fq_hkp711mx8qgdpjknvmqnm0000gq/T/XcodeDistPipeline.~~~6wryMv/Root/Payload/PigChamp.app'
2023-06-02 15:06:37 +0000  /var/folders/0v/fq_hkp711mx8qgdpjknvmqnm0000gq/T/XcodeDistPipeline.~~~6wryMv/Root/Payload/PigChamp.app: replacing existing signature
2023-06-02 15:06:37 +0000  /var/folders/0v/fq_hkp711mx8qgdpjknvmqnm0000gq/T/XcodeDistPipeline.~~~6wryMv/Root/Payload/PigChamp.app: signed app bundle with Mach-O thin (arm64) [com.venturelabour.pigchamp]
2023-06-02 15:06:37 +0000  /usr/bin/codesign exited with 0
2023-06-02 15:06:37 +0000  Processing step: IDEDistributionZipODRItemStep
2023-06-02 15:06:37 +0000  Skipping step: IDEDistributionZipODRItemStep because it said so
2023-06-02 15:06:37 +0000  Processing step: IDEDistributionCreateIPAStep
2023-06-02 15:06:37 +0000  Running /usr/bin/ditto '-V' '-c' '-k' '--norsrc' '/var/folders/0v/fq_hkp711mx8qgdpjknvmqnm0000gq/T/XcodeDistPipeline.~~~6wryMv/Root' '/var/folders/0v/fq_hkp711mx8qgdpjknvmqnm0000gq/T/XcodeDistPipeline.~~~6wryMv/Packages/PigCHAMP.ipa'
2023-06-02 15:06:37 +0000  >>> Copying /var/folders/0v/fq_hkp711mx8qgdpjknvmqnm0000gq/T/XcodeDistPipeline.~~~6wryMv/Root 
2023-06-02 15:06:37 +0000  copying file ./Payload/PigChamp.app/_CodeSignature/CodeResources ... 
2023-06-02 15:06:37 +0000  66567 bytes for ./Payload/PigChamp.app/_CodeSignature/CodeResources
2023-06-02 15:06:37 +0000  copying file ./Payload/PigChamp.app/bluetooth.png ... 
2023-06-02 15:06:37 +0000  914 bytes for ./Payload/PigChamp.app/bluetooth.png
copying file ./Payload/PigChamp.app/LaunchImage-1100-Portrait-2436h@3x.png ... 
2023-06-02 15:06:37 +0000  2034208 bytes for ./Payload/PigChamp.app/LaunchImage-1100-Portrait-2436h@3x.png
2023-06-02 15:06:37 +0000  copying file ./Payload/PigChamp.app/PigChamp.momd/VersionInfo.plist ... 
2023-06-02 15:06:37 +0000  3157 bytes for ./Payload/PigChamp.app/PigChamp.momd/VersionInfo.plist
copying file ./Payload/PigChamp.app/PigChamp.momd/PigChamp.mom ... 
2023-06-02 15:06:37 +0000  17716 bytes for ./Payload/PigChamp.app/PigChamp.momd/PigChamp.mom
2023-06-02 15:06:37 +0000  copying file ./Payload/PigChamp.app/PigChamp.momd/PigChamp 2.mom ... 
2023-06-02 15:06:37 +0000  17698 bytes for ./Payload/PigChamp.app/PigChamp.momd/PigChamp 2.mom
2023-06-02 15:06:37 +0000  copying file ./Payload/PigChamp.app/PigChamp.momd/PigChamp 2.omo ... 
2023-06-02 15:06:37 +0000  49536 bytes for ./Payload/PigChamp.app/PigChamp.momd/PigChamp 2.omo
2023-06-02 15:06:37 +0000  copying file ./Payload/PigChamp.app/StatusCodes.plist ... 
2023-06-02 15:06:37 +0000  1703 bytes for ./Payload/PigChamp.app/StatusCodes.plist
copying file ./Payload/PigChamp.app/AppIcon60x60@2x.png ... 
2023-06-02 15:06:37 +0000  8924 bytes for ./Payload/PigChamp.app/AppIcon60x60@2x.png
2023-06-02 15:06:37 +0000  copying file ./Payload/PigChamp.app/AppIcon29x29@2x.png ... 
2023-06-02 15:06:37 +0000  3595 bytes for ./Payload/PigChamp.app/AppIcon29x29@2x.png
copying file ./Payload/PigChamp.app/LaunchImage-800-667h@2x.png ... 
2023-06-02 15:06:37 +0000  835997 bytes for ./Payload/PigChamp.app/LaunchImage-800-667h@2x.png
2023-06-02 15:06:37 +0000  copying file ./Payload/PigChamp.app/AppIcon40x40@3x.png ... 
2023-06-02 15:06:37 +0000  8924 bytes for ./Payload/PigChamp.app/AppIcon40x40@3x.png
2023-06-02 15:06:37 +0000  copying file ./Payload/PigChamp.app/AppIcon29x29~ipad.png ... 
2023-06-02 15:06:37 +0000  1487 bytes for ./Payload/PigChamp.app/AppIcon29x29~ipad.png
copying file ./Payload/PigChamp.app/AppIcon40x40@2x.png ... 
2023-06-02 15:06:37 +0000  5792 bytes for ./Payload/PigChamp.app/AppIcon40x40@2x.png
2023-06-02 15:06:37 +0000  copying file ./Payload/PigChamp.app/PigChamp ... 
2023-06-02 15:06:37 +0000  2500256 bytes for ./Payload/PigChamp.app/PigChamp
2023-06-02 15:06:37 +0000  copying file ./Payload/PigChamp.app/LaunchImage-1200-Portrait-2688h@3x.png ... 
2023-06-02 15:06:37 +0000  2410915 bytes for ./Payload/PigChamp.app/LaunchImage-1200-Portrait-2688h@3x.png
2023-06-02 15:06:37 +0000  copying file ./Payload/PigChamp.app/AppIcon29x29@3x.png ... 
2023-06-02 15:06:37 +0000  6400 bytes for ./Payload/PigChamp.app/AppIcon29x29@3x.png
copying file ./Payload/PigChamp.app/GoogleService-Info.plist ... 
2023-06-02 15:06:37 +0000  256 bytes for ./Payload/PigChamp.app/GoogleService-Info.plist
copying file ./Payload/PigChamp.app/AppIcon60x60@3x.png ... 
2023-06-02 15:06:37 +0000  14044 bytes for ./Payload/PigChamp.app/AppIcon60x60@3x.png
2023-06-02 15:06:37 +0000  copying file ./Payload/PigChamp.app/Base.lproj/Main.storyboardc/segueSearch.nib/objects-11.0+.nib ... 
2023-06-02 15:06:37 +0000  1425 bytes for ./Payload/PigChamp.app/Base.lproj/Main.storyboardc/segueSearch.nib/objects-11.0+.nib
2023-06-02 15:06:37 +0000  copying file ./Payload/PigChamp.app/Base.lproj/Main.storyboardc/segueSearch.nib/runtime.nib ... 
2023-06-02 15:06:37 +0000  1425 bytes for ./Payload/PigChamp.app/Base.lproj/Main.storyboardc/segueSearch.nib/runtime.nib
copying file ./Payload/PigChamp.app/Base.lproj/Main.storyboardc/segueSearch.nib/objects-12.3+.nib ... 
2023-06-02 15:06:37 +0000  1425 bytes for ./Payload/PigChamp.app/Base.lproj/Main.storyboardc/segueSearch.nib/objects-12.3+.nib
copying file ./Payload/PigChamp.app/Base.lproj/Main.storyboardc/Xlg-Vj-5rX-view-9gW-SU-j3c.nib/objects-11.0+.nib ... 
2023-06-02 15:06:37 +0000  18912 bytes for ./Payload/PigChamp.app/Base.lproj/Main.storyboardc/Xlg-Vj-5rX-view-9gW-SU-j3c.nib/objects-11.0+.nib
2023-06-02 15:06:37 +0000  copying file ./Payload/PigChamp.app/Base.lproj/Main.storyboardc/Xlg-Vj-5rX-view-9gW-SU-j3c.nib/runtime.nib ... 
2023-06-02 15:06:37 +0000  18912 bytes for ./Payload/PigChamp.app/Base.lproj/Main.storyboardc/Xlg-Vj-5rX-view-9gW-SU-j3c.nib/runtime.nib
2023-06-02 15:06:37 +0000  copying file ./Payload/PigChamp.app/Base.lproj/Main.storyboardc/Xlg-Vj-5rX-view-9gW-SU-j3c.nib/objects-12.3+.nib ... 
2023-06-02 15:06:37 +0000  18912 bytes for ./Payload/PigChamp.app/Base.lproj/Main.storyboardc/Xlg-Vj-5rX-view-9gW-SU-j3c.nib/objects-12.3+.nib
2023-06-02 15:06:37 +0000  copying file ./Payload/PigChamp.app/Base.lproj/Main.storyboardc/gbs-xc-3Yy-view-qJL-fo-rDo.nib/objects-11.0+.nib ... 
2023-06-02 15:06:37 +0000  34782 bytes for ./Payload/PigChamp.app/Base.lproj/Main.storyboardc/gbs-xc-3Yy-view-qJL-fo-rDo.nib/objects-11.0+.nib
copying file ./Payload/PigChamp.app/Base.lproj/Main.storyboardc/gbs-xc-3Yy-view-qJL-fo-rDo.nib/runtime.nib ... 
2023-06-02 15:06:37 +0000  34782 bytes for ./Payload/PigChamp.app/Base.lproj/Main.storyboardc/gbs-xc-3Yy-view-qJL-fo-rDo.nib/runtime.nib
copying file ./Payload/PigChamp.app/Base.lproj/Main.storyboardc/gbs-xc-3Yy-view-qJL-fo-rDo.nib/objects-12.3+.nib ... 
2023-06-02 15:06:37 +0000  34782 bytes for ./Payload/PigChamp.app/Base.lproj/Main.storyboardc/gbs-xc-3Yy-view-qJL-fo-rDo.nib/objects-12.3+.nib
2023-06-02 15:06:37 +0000  copying file ./Payload/PigChamp.app/Base.lproj/Main.storyboardc/UIViewController-9pJ-IH-RYP.nib/objects-11.0+.nib ... 
2023-06-02 15:06:37 +0000  1610 bytes for ./Payload/PigChamp.app/Base.lproj/Main.storyboardc/UIViewController-9pJ-IH-RYP.nib/objects-11.0+.nib
copying file ./Payload/PigChamp.app/Base.lproj/Main.storyboardc/UIViewController-9pJ-IH-RYP.nib/runtime.nib ... 
2023-06-02 15:06:37 +0000  1610 bytes for ./Payload/PigChamp.app/Base.lproj/Main.storyboardc/UIViewController-9pJ-IH-RYP.nib/runtime.nib
2023-06-02 15:06:37 +0000  copying file ./Payload/PigChamp.app/Base.lproj/Main.storyboardc/UIViewController-9pJ-IH-RYP.nib/objects-12.3+.nib ... 
2023-06-02 15:06:37 +0000  1610 bytes for ./Payload/PigChamp.app/Base.lproj/Main.storyboardc/UIViewController-9pJ-IH-RYP.nib/objects-12.3+.nib
copying file ./Payload/PigChamp.app/Base.lproj/Main.storyboardc/fuY-MI-mUY-view-01R-Rp-d6b.nib/objects-11.0+.nib ... 
2023-06-02 15:06:37 +0000  34566 bytes for ./Payload/PigChamp.app/Base.lproj/Main.storyboardc/fuY-MI-mUY-view-01R-Rp-d6b.nib/objects-11.0+.nib
2023-06-02 15:06:37 +0000  copying file ./Payload/PigChamp.app/Base.lproj/Main.storyboardc/fuY-MI-mUY-view-01R-Rp-d6b.nib/runtime.nib ... 
2023-06-02 15:06:37 +0000  34566 bytes for ./Payload/PigChamp.app/Base.lproj/Main.storyboardc/fuY-MI-mUY-view-01R-Rp-d6b.nib/runtime.nib
2023-06-02 15:06:37 +0000  copying file ./Payload/PigChamp.app/Base.lproj/Main.storyboardc/fuY-MI-mUY-view-01R-Rp-d6b.nib/objects-12.3+.nib ... 
2023-06-02 15:06:37 +0000  35021 bytes for ./Payload/PigChamp.app/Base.lproj/Main.storyboardc/fuY-MI-mUY-view-01R-Rp-d6b.nib/objects-12.3+.nib
2023-06-02 15:06:37 +0000  copying file ./Payload/PigChamp.app/Base.lproj/Main.storyboardc/UIViewController-jXn-hB-zy3.nib/objects-11.0+.nib ... 
2023-06-02 15:06:37 +0000  1253 bytes for ./Payload/PigChamp.app/Base.lproj/Main.storyboardc/UIViewController-jXn-hB-zy3.nib/objects-11.0+.nib
copying file ./Payload/PigChamp.app/Base.lproj/Main.storyboardc/UIViewController-jXn-hB-zy3.nib/runtime.nib ... 
2023-06-02 15:06:37 +0000  1253 bytes for ./Payload/PigChamp.app/Base.lproj/Main.storyboardc/UIViewController-jXn-hB-zy3.nib/runtime.nib
copying file ./Payload/PigChamp.app/Base.lproj/Main.storyboardc/UIViewController-jXn-hB-zy3.nib/objects-12.3+.nib ... 
2023-06-02 15:06:37 +0000  1253 bytes for ./Payload/PigChamp.app/Base.lproj/Main.storyboardc/UIViewController-jXn-hB-zy3.nib/objects-12.3+.nib
2023-06-02 15:06:37 +0000  copying file ./Payload/PigChamp.app/Base.lproj/Main.storyboardc/H9I-ea-LKU-view-Xs9-Ms-pZM.nib/objects-11.0+.nib ... 
2023-06-02 15:06:37 +0000  9548 bytes for ./Payload/PigChamp.app/Base.lproj/Main.storyboardc/H9I-ea-LKU-view-Xs9-Ms-pZM.nib/objects-11.0+.nib
2023-06-02 15:06:37 +0000  copying file ./Payload/PigChamp.app/Base.lproj/Main.storyboardc/H9I-ea-LKU-view-Xs9-Ms-pZM.nib/runtime.nib ... 
2023-06-02 15:06:37 +0000  9548 bytes for ./Payload/PigChamp.app/Base.lproj/Main.storyboardc/H9I-ea-LKU-view-Xs9-Ms-pZM.nib/runtime.nib
2023-06-02 15:06:37 +0000  copying file ./Payload/PigChamp.app/Base.lproj/Main.storyboardc/H9I-ea-LKU-view-Xs9-Ms-pZM.nib/objects-12.3+.nib ... 
2023-06-02 15:06:37 +0000  9548 bytes for ./Payload/PigChamp.app/Base.lproj/Main.storyboardc/H9I-ea-LKU-view-Xs9-Ms-pZM.nib/objects-12.3+.nib
2023-06-02 15:06:37 +0000  copying file ./Payload/PigChamp.app/Base.lproj/Main.storyboardc/HerdReport.nib/objects-11.0+.nib ... 
2023-06-02 15:06:37 +0000  1159 bytes for ./Payload/PigChamp.app/Base.lproj/Main.storyboardc/HerdReport.nib/objects-11.0+.nib
copying file ./Payload/PigChamp.app/Base.lproj/Main.storyboardc/HerdReport.nib/runtime.nib ... 
2023-06-02 15:06:37 +0000  1159 bytes for ./Payload/PigChamp.app/Base.lproj/Main.storyboardc/HerdReport.nib/runtime.nib
copying file ./Payload/PigChamp.app/Base.lproj/Main.storyboardc/HerdReport.nib/objects-12.3+.nib ... 
2023-06-02 15:06:37 +0000  1159 bytes for ./Payload/PigChamp.app/Base.lproj/Main.storyboardc/HerdReport.nib/objects-12.3+.nib
2023-06-02 15:06:37 +0000  copying file ./Payload/PigChamp.app/Base.lproj/Main.storyboardc/ProductSummary.nib/objects-11.0+.nib ... 
2023-06-02 15:06:37 +0000  1066 bytes for ./Payload/PigChamp.app/Base.lproj/Main.storyboardc/ProductSummary.nib/objects-11.0+.nib
copying file ./Payload/PigChamp.app/Base.lproj/Main.storyboardc/ProductSummary.nib/runtime.nib ... 
2023-06-02 15:06:37 +0000  1066 bytes for ./Payload/PigChamp.app/Base.lproj/Main.storyboardc/ProductSummary.nib/runtime.nib
copying file ./Payload/PigChamp.app/Base.lproj/Main.storyboardc/ProductSummary.nib/objects-12.3+.nib ... 
2023-06-02 15:06:37 +0000  1066 bytes for ./Payload/PigChamp.app/Base.lproj/Main.storyboardc/ProductSummary.nib/objects-12.3+.nib
2023-06-02 15:06:37 +0000  copying file ./Payload/PigChamp.app/Base.lproj/Main.storyboardc/ConfigurationViewController.nib/objects-11.0+.nib ... 
2023-06-02 15:06:37 +0000  1027 bytes for ./Payload/PigChamp.app/Base.lproj/Main.storyboardc/ConfigurationViewController.nib/objects-11.0+.nib
copying file ./Payload/PigChamp.app/Base.lproj/Main.storyboardc/ConfigurationViewController.nib/runtime.nib ... 
2023-06-02 15:06:37 +0000  1027 bytes for ./Payload/PigChamp.app/Base.lproj/Main.storyboardc/ConfigurationViewController.nib/runtime.nib
copying file ./Payload/PigChamp.app/Base.lproj/Main.storyboardc/ConfigurationViewController.nib/objects-12.3+.nib ... 
2023-06-02 15:06:37 +0000  1027 bytes for ./Payload/PigChamp.app/Base.lproj/Main.storyboardc/ConfigurationViewController.nib/objects-12.3+.nib
2023-06-02 15:06:37 +0000  copying file ./Payload/PigChamp.app/Base.lproj/Main.storyboardc/9pJ-IH-RYP-view-ZHC-fo-Wov.nib/objects-11.0+.nib ... 
2023-06-02 15:06:37 +0000  7939 bytes for ./Payload/PigChamp.app/Base.lproj/Main.storyboardc/9pJ-IH-RYP-view-ZHC-fo-Wov.nib/objects-11.0+.nib
2023-06-02 15:06:37 +0000  copying file ./Payload/PigChamp.app/Base.lproj/Main.storyboardc/9pJ-IH-RYP-view-ZHC-fo-Wov.nib/runtime.nib ... 
2023-06-02 15:06:37 +0000  7939 bytes for ./Payload/PigChamp.app/Base.lproj/Main.storyboardc/9pJ-IH-RYP-view-ZHC-fo-Wov.nib/runtime.nib
2023-06-02 15:06:37 +0000  copying file ./Payload/PigChamp.app/Base.lproj/Main.storyboardc/9pJ-IH-RYP-view-ZHC-fo-Wov.nib/objects-12.3+.nib ... 
2023-06-02 15:06:37 +0000  7939 bytes for ./Payload/PigChamp.app/Base.lproj/Main.storyboardc/9pJ-IH-RYP-view-ZHC-fo-Wov.nib/objects-12.3+.nib
2023-06-02 15:06:37 +0000  copying file ./Payload/PigChamp.app/Base.lproj/Main.storyboardc/wLk-3q-8AN-view-RKh-f2-6sy.nib/objects-11.0+.nib ... 
2023-06-02 15:06:37 +0000  12479 bytes for ./Payload/PigChamp.app/Base.lproj/Main.storyboardc/wLk-3q-8AN-view-RKh-f2-6sy.nib/objects-11.0+.nib
2023-06-02 15:06:37 +0000  copying file ./Payload/PigChamp.app/Base.lproj/Main.storyboardc/wLk-3q-8AN-view-RKh-f2-6sy.nib/runtime.nib ... 
2023-06-02 15:06:37 +0000  12479 bytes for ./Payload/PigChamp.app/Base.lproj/Main.storyboardc/wLk-3q-8AN-view-RKh-f2-6sy.nib/runtime.nib
2023-06-02 15:06:37 +0000  copying file ./Payload/PigChamp.app/Base.lproj/Main.storyboardc/wLk-3q-8AN-view-RKh-f2-6sy.nib/objects-12.3+.nib ... 
2023-06-02 15:06:37 +0000  12479 bytes for ./Payload/PigChamp.app/Base.lproj/Main.storyboardc/wLk-3q-8AN-view-RKh-f2-6sy.nib/objects-12.3+.nib
2023-06-02 15:06:37 +0000  copying file ./Payload/PigChamp.app/Base.lproj/Main.storyboardc/vAh-jm-thn-view-6hS-Eo-Kb9.nib/objects-11.0+.nib ... 
2023-06-02 15:06:37 +0000  2760 bytes for ./Payload/PigChamp.app/Base.lproj/Main.storyboardc/vAh-jm-thn-view-6hS-Eo-Kb9.nib/objects-11.0+.nib
2023-06-02 15:06:37 +0000  copying file ./Payload/PigChamp.app/Base.lproj/Main.storyboardc/vAh-jm-thn-view-6hS-Eo-Kb9.nib/runtime.nib ... 
2023-06-02 15:06:37 +0000  2760 bytes for ./Payload/PigChamp.app/Base.lproj/Main.storyboardc/vAh-jm-thn-view-6hS-Eo-Kb9.nib/runtime.nib
copying file ./Payload/PigChamp.app/Base.lproj/Main.storyboardc/vAh-jm-thn-view-6hS-Eo-Kb9.nib/objects-12.3+.nib ... 
2023-06-02 15:06:37 +0000  2760 bytes for ./Payload/PigChamp.app/Base.lproj/Main.storyboardc/vAh-jm-thn-view-6hS-Eo-Kb9.nib/objects-12.3+.nib
2023-06-02 15:06:37 +0000  copying file ./Payload/PigChamp.app/Base.lproj/Main.storyboardc/UIViewController-fdo-XG-Ecf.nib/objects-11.0+.nib ... 
2023-06-02 15:06:37 +0000  1372 bytes for ./Payload/PigChamp.app/Base.lproj/Main.storyboardc/UIViewController-fdo-XG-Ecf.nib/objects-11.0+.nib
copying file ./Payload/PigChamp.app/Base.lproj/Main.storyboardc/UIViewController-fdo-XG-Ecf.nib/runtime.nib ... 
2023-06-02 15:06:37 +0000  1372 bytes for ./Payload/PigChamp.app/Base.lproj/Main.storyboardc/UIViewController-fdo-XG-Ecf.nib/runtime.nib
2023-06-02 15:06:37 +0000  copying file ./Payload/PigChamp.app/Base.lproj/Main.storyboardc/UIViewController-fdo-XG-Ecf.nib/objects-12.3+.nib ... 
2023-06-02 15:06:37 +0000  1372 bytes for ./Payload/PigChamp.app/Base.lproj/Main.storyboardc/UIViewController-fdo-XG-Ecf.nib/objects-12.3+.nib
copying file ./Payload/PigChamp.app/Base.lproj/Main.storyboardc/Reports.nib/objects-11.0+.nib ... 
2023-06-02 15:06:37 +0000  1098 bytes for ./Payload/PigChamp.app/Base.lproj/Main.storyboardc/Reports.nib/objects-11.0+.nib
2023-06-02 15:06:37 +0000  copying file ./Payload/PigChamp.app/Base.lproj/Main.storyboardc/Reports.nib/runtime.nib ... 
2023-06-02 15:06:37 +0000  1098 bytes for ./Payload/PigChamp.app/Base.lproj/Main.storyboardc/Reports.nib/runtime.nib
copying file ./Payload/PigChamp.app/Base.lproj/Main.storyboardc/Reports.nib/objects-12.3+.nib ... 
2023-06-02 15:06:37 +0000  1098 bytes for ./Payload/PigChamp.app/Base.lproj/Main.storyboardc/Reports.nib/objects-12.3+.nib
2023-06-02 15:06:37 +0000  copying file ./Payload/PigChamp.app/Base.lproj/Main.storyboardc/ViewController.nib/objects-11.0+.nib ... 
2023-06-02 15:06:37 +0000  2189 bytes for ./Payload/PigChamp.app/Base.lproj/Main.storyboardc/ViewController.nib/objects-11.0+.nib
copying file ./Payload/PigChamp.app/Base.lproj/Main.storyboardc/ViewController.nib/runtime.nib ... 
2023-06-02 15:06:37 +0000  2189 bytes for ./Payload/PigChamp.app/Base.lproj/Main.storyboardc/ViewController.nib/runtime.nib
2023-06-02 15:06:37 +0000  copying file ./Payload/PigChamp.app/Base.lproj/Main.storyboardc/ViewController.nib/objects-12.3+.nib ... 
2023-06-02 15:06:37 +0000  2189 bytes for ./Payload/PigChamp.app/Base.lproj/Main.storyboardc/ViewController.nib/objects-12.3+.nib
2023-06-02 15:06:37 +0000  copying file ./Payload/PigChamp.app/Base.lproj/Main.storyboardc/segueReport.nib/objects-11.0+.nib ... 
2023-06-02 15:06:37 +0000  1115 bytes for ./Payload/PigChamp.app/Base.lproj/Main.storyboardc/segueReport.nib/objects-11.0+.nib
copying file ./Payload/PigChamp.app/Base.lproj/Main.storyboardc/segueReport.nib/runtime.nib ... 
2023-06-02 15:06:37 +0000  1115 bytes for ./Payload/PigChamp.app/Base.lproj/Main.storyboardc/segueReport.nib/runtime.nib
2023-06-02 15:06:37 +0000  copying file ./Payload/PigChamp.app/Base.lproj/Main.storyboardc/segueReport.nib/objects-12.3+.nib ... 
2023-06-02 15:06:37 +0000  1115 bytes for ./Payload/PigChamp.app/Base.lproj/Main.storyboardc/segueReport.nib/objects-12.3+.nib
copying file ./Payload/PigChamp.app/Base.lproj/Main.storyboardc/XOY-Dh-Vyy-view-LKO-tt-el2.nib/objects-11.0+.nib ... 
2023-06-02 15:06:37 +0000  10966 bytes for ./Payload/PigChamp.app/Base.lproj/Main.storyboardc/XOY-Dh-Vyy-view-LKO-tt-el2.nib/objects-11.0+.nib
2023-06-02 15:06:37 +0000  copying file ./Payload/PigChamp.app/Base.lproj/Main.storyboardc/XOY-Dh-Vyy-view-LKO-tt-el2.nib/runtime.nib ... 
2023-06-02 15:06:37 +0000  10966 bytes for ./Payload/PigChamp.app/Base.lproj/Main.storyboardc/XOY-Dh-Vyy-view-LKO-tt-el2.nib/runtime.nib
2023-06-02 15:06:37 +0000  copying file ./Payload/PigChamp.app/Base.lproj/Main.storyboardc/XOY-Dh-Vyy-view-LKO-tt-el2.nib/objects-12.3+.nib ... 
2023-06-02 15:06:37 +0000  10966 bytes for ./Payload/PigChamp.app/Base.lproj/Main.storyboardc/XOY-Dh-Vyy-view-LKO-tt-el2.nib/objects-12.3+.nib
2023-06-02 15:06:37 +0000  copying file ./Payload/PigChamp.app/Base.lproj/Main.storyboardc/0ae-nn-pzT-view-NXc-eJ-UXD.nib/objects-11.0+.nib ... 
2023-06-02 15:06:37 +0000  5364 bytes for ./Payload/PigChamp.app/Base.lproj/Main.storyboardc/0ae-nn-pzT-view-NXc-eJ-UXD.nib/objects-11.0+.nib
2023-06-02 15:06:37 +0000  copying file ./Payload/PigChamp.app/Base.lproj/Main.storyboardc/0ae-nn-pzT-view-NXc-eJ-UXD.nib/runtime.nib ... 
2023-06-02 15:06:37 +0000  5361 bytes for ./Payload/PigChamp.app/Base.lproj/Main.storyboardc/0ae-nn-pzT-view-NXc-eJ-UXD.nib/runtime.nib
2023-06-02 15:06:37 +0000  copying file ./Payload/PigChamp.app/Base.lproj/Main.storyboardc/0ae-nn-pzT-view-NXc-eJ-UXD.nib/objects-12.3+.nib ... 
2023-06-02 15:06:37 +0000  5364 bytes for ./Payload/PigChamp.app/Base.lproj/Main.storyboardc/0ae-nn-pzT-view-NXc-eJ-UXD.nib/objects-12.3+.nib
2023-06-02 15:06:37 +0000  copying file ./Payload/PigChamp.app/Base.lproj/Main.storyboardc/22v-KG-ntc-view-CDJ-Oy-bVq.nib/objects-11.0+.nib ... 
2023-06-02 15:06:37 +0000  18969 bytes for ./Payload/PigChamp.app/Base.lproj/Main.storyboardc/22v-KG-ntc-view-CDJ-Oy-bVq.nib/objects-11.0+.nib
2023-06-02 15:06:37 +0000  copying file ./Payload/PigChamp.app/Base.lproj/Main.storyboardc/22v-KG-ntc-view-CDJ-Oy-bVq.nib/runtime.nib ... 
2023-06-02 15:06:37 +0000  18969 bytes for ./Payload/PigChamp.app/Base.lproj/Main.storyboardc/22v-KG-ntc-view-CDJ-Oy-bVq.nib/runtime.nib
2023-06-02 15:06:37 +0000  copying file ./Payload/PigChamp.app/Base.lproj/Main.storyboardc/22v-KG-ntc-view-CDJ-Oy-bVq.nib/objects-12.3+.nib ... 
2023-06-02 15:06:37 +0000  18969 bytes for ./Payload/PigChamp.app/Base.lproj/Main.storyboardc/22v-KG-ntc-view-CDJ-Oy-bVq.nib/objects-12.3+.nib
2023-06-02 15:06:37 +0000  copying file ./Payload/PigChamp.app/Base.lproj/Main.storyboardc/DynamicForm.nib/objects-11.0+.nib ... 
2023-06-02 15:06:37 +0000  1115 bytes for ./Payload/PigChamp.app/Base.lproj/Main.storyboardc/DynamicForm.nib/objects-11.0+.nib
copying file ./Payload/PigChamp.app/Base.lproj/Main.storyboardc/DynamicForm.nib/runtime.nib ... 
2023-06-02 15:06:37 +0000  1115 bytes for ./Payload/PigChamp.app/Base.lproj/Main.storyboardc/DynamicForm.nib/runtime.nib
copying file ./Payload/PigChamp.app/Base.lproj/Main.storyboardc/DynamicForm.nib/objects-12.3+.nib ... 
2023-06-02 15:06:37 +0000  1115 bytes for ./Payload/PigChamp.app/Base.lproj/Main.storyboardc/DynamicForm.nib/objects-12.3+.nib
2023-06-02 15:06:37 +0000  copying file ./Payload/PigChamp.app/Base.lproj/Main.storyboardc/Bza-cH-MNB-view-tzU-ZF-2eU.nib/objects-11.0+.nib ... 
2023-06-02 15:06:37 +0000  10283 bytes for ./Payload/PigChamp.app/Base.lproj/Main.storyboardc/Bza-cH-MNB-view-tzU-ZF-2eU.nib/objects-11.0+.nib
2023-06-02 15:06:37 +0000  copying file ./Payload/PigChamp.app/Base.lproj/Main.storyboardc/Bza-cH-MNB-view-tzU-ZF-2eU.nib/runtime.nib ... 
2023-06-02 15:06:37 +0000  10283 bytes for ./Payload/PigChamp.app/Base.lproj/Main.storyboardc/Bza-cH-MNB-view-tzU-ZF-2eU.nib/runtime.nib
2023-06-02 15:06:37 +0000  copying file ./Payload/PigChamp.app/Base.lproj/Main.storyboardc/Bza-cH-MNB-view-tzU-ZF-2eU.nib/objects-12.3+.nib ... 
2023-06-02 15:06:37 +0000  10283 bytes for ./Payload/PigChamp.app/Base.lproj/Main.storyboardc/Bza-cH-MNB-view-tzU-ZF-2eU.nib/objects-12.3+.nib
2023-06-02 15:06:37 +0000  copying file ./Payload/PigChamp.app/Base.lproj/Main.storyboardc/YrU-Tp-Btt-view-QcI-36-GHm.nib/objects-11.0+.nib ... 
2023-06-02 15:06:37 +0000  8900 bytes for ./Payload/PigChamp.app/Base.lproj/Main.storyboardc/YrU-Tp-Btt-view-QcI-36-GHm.nib/objects-11.0+.nib
2023-06-02 15:06:37 +0000  copying file ./Payload/PigChamp.app/Base.lproj/Main.storyboardc/YrU-Tp-Btt-view-QcI-36-GHm.nib/runtime.nib ... 
2023-06-02 15:06:37 +0000  8830 bytes for ./Payload/PigChamp.app/Base.lproj/Main.storyboardc/YrU-Tp-Btt-view-QcI-36-GHm.nib/runtime.nib
2023-06-02 15:06:37 +0000  copying file ./Payload/PigChamp.app/Base.lproj/Main.storyboardc/YrU-Tp-Btt-view-QcI-36-GHm.nib/objects-12.3+.nib ... 
2023-06-02 15:06:37 +0000  8900 bytes for ./Payload/PigChamp.app/Base.lproj/Main.storyboardc/YrU-Tp-Btt-view-QcI-36-GHm.nib/objects-12.3+.nib
2023-06-02 15:06:37 +0000  copying file ./Payload/PigChamp.app/Base.lproj/Main.storyboardc/eha-N4-uo1-view-CvA-0v-jCI.nib/objects-11.0+.nib ... 
2023-06-02 15:06:37 +0000  3571 bytes for ./Payload/PigChamp.app/Base.lproj/Main.storyboardc/eha-N4-uo1-view-CvA-0v-jCI.nib/objects-11.0+.nib
2023-06-02 15:06:37 +0000  copying file ./Payload/PigChamp.app/Base.lproj/Main.storyboardc/eha-N4-uo1-view-CvA-0v-jCI.nib/runtime.nib ... 
2023-06-02 15:06:37 +0000  3571 bytes for ./Payload/PigChamp.app/Base.lproj/Main.storyboardc/eha-N4-uo1-view-CvA-0v-jCI.nib/runtime.nib
copying file ./Payload/PigChamp.app/Base.lproj/Main.storyboardc/eha-N4-uo1-view-CvA-0v-jCI.nib/objects-12.3+.nib ... 
2023-06-02 15:06:37 +0000  3571 bytes for ./Payload/PigChamp.app/Base.lproj/Main.storyboardc/eha-N4-uo1-view-CvA-0v-jCI.nib/objects-12.3+.nib
2023-06-02 15:06:37 +0000  copying file ./Payload/PigChamp.app/Base.lproj/Main.storyboardc/Yc9-kT-Yzc-view-8jM-UC-hdI.nib/objects-11.0+.nib ... 
2023-06-02 15:06:37 +0000  10440 bytes for ./Payload/PigChamp.app/Base.lproj/Main.storyboardc/Yc9-kT-Yzc-view-8jM-UC-hdI.nib/objects-11.0+.nib
2023-06-02 15:06:37 +0000  copying file ./Payload/PigChamp.app/Base.lproj/Main.storyboardc/Yc9-kT-Yzc-view-8jM-UC-hdI.nib/runtime.nib ... 
2023-06-02 15:06:37 +0000  10440 bytes for ./Payload/PigChamp.app/Base.lproj/Main.storyboardc/Yc9-kT-Yzc-view-8jM-UC-hdI.nib/runtime.nib
2023-06-02 15:06:37 +0000  copying file ./Payload/PigChamp.app/Base.lproj/Main.storyboardc/Yc9-kT-Yzc-view-8jM-UC-hdI.nib/objects-12.3+.nib ... 
2023-06-02 15:06:37 +0000  10440 bytes for ./Payload/PigChamp.app/Base.lproj/Main.storyboardc/Yc9-kT-Yzc-view-8jM-UC-hdI.nib/objects-12.3+.nib
2023-06-02 15:06:37 +0000  copying file ./Payload/PigChamp.app/Base.lproj/Main.storyboardc/segueAbout.nib/objects-11.0+.nib ... 
2023-06-02 15:06:37 +0000  1005 bytes for ./Payload/PigChamp.app/Base.lproj/Main.storyboardc/segueAbout.nib/objects-11.0+.nib
copying file ./Payload/PigChamp.app/Base.lproj/Main.storyboardc/segueAbout.nib/runtime.nib ... 
2023-06-02 15:06:37 +0000  1005 bytes for ./Payload/PigChamp.app/Base.lproj/Main.storyboardc/segueAbout.nib/runtime.nib
copying file ./Payload/PigChamp.app/Base.lproj/Main.storyboardc/segueAbout.nib/objects-12.3+.nib ... 
2023-06-02 15:06:37 +0000  1005 bytes for ./Payload/PigChamp.app/Base.lproj/Main.storyboardc/segueAbout.nib/objects-12.3+.nib
2023-06-02 15:06:37 +0000  copying file ./Payload/PigChamp.app/Base.lproj/Main.storyboardc/Ot7-5f-2DA-view-mW5-oJ-Qxb.nib/objects-11.0+.nib ... 
2023-06-02 15:06:37 +0000  12564 bytes for ./Payload/PigChamp.app/Base.lproj/Main.storyboardc/Ot7-5f-2DA-view-mW5-oJ-Qxb.nib/objects-11.0+.nib
2023-06-02 15:06:37 +0000  copying file ./Payload/PigChamp.app/Base.lproj/Main.storyboardc/Ot7-5f-2DA-view-mW5-oJ-Qxb.nib/runtime.nib ... 
2023-06-02 15:06:37 +0000  12564 bytes for ./Payload/PigChamp.app/Base.lproj/Main.storyboardc/Ot7-5f-2DA-view-mW5-oJ-Qxb.nib/runtime.nib
2023-06-02 15:06:37 +0000  copying file ./Payload/PigChamp.app/Base.lproj/Main.storyboardc/Ot7-5f-2DA-view-mW5-oJ-Qxb.nib/objects-12.3+.nib ... 
2023-06-02 15:06:37 +0000  12564 bytes for ./Payload/PigChamp.app/Base.lproj/Main.storyboardc/Ot7-5f-2DA-view-mW5-oJ-Qxb.nib/objects-12.3+.nib
2023-06-02 15:06:37 +0000  copying file ./Payload/PigChamp.app/Base.lproj/Main.storyboardc/segueHelp.nib/objects-11.0+.nib ... 
2023-06-02 15:06:37 +0000  1003 bytes for ./Payload/PigChamp.app/Base.lproj/Main.storyboardc/segueHelp.nib/objects-11.0+.nib
copying file ./Payload/PigChamp.app/Base.lproj/Main.storyboardc/segueHelp.nib/runtime.nib ... 
2023-06-02 15:06:37 +0000  1003 bytes for ./Payload/PigChamp.app/Base.lproj/Main.storyboardc/segueHelp.nib/runtime.nib
copying file ./Payload/PigChamp.app/Base.lproj/Main.storyboardc/segueHelp.nib/objects-12.3+.nib ... 
2023-06-02 15:06:37 +0000  1003 bytes for ./Payload/PigChamp.app/Base.lproj/Main.storyboardc/segueHelp.nib/objects-12.3+.nib
2023-06-02 15:06:37 +0000  copying file ./Payload/PigChamp.app/Base.lproj/Main.storyboardc/Report.nib/objects-11.0+.nib ... 
2023-06-02 15:06:37 +0000  1110 bytes for ./Payload/PigChamp.app/Base.lproj/Main.storyboardc/Report.nib/objects-11.0+.nib
copying file ./Payload/PigChamp.app/Base.lproj/Main.storyboardc/Report.nib/runtime.nib ... 
2023-06-02 15:06:37 +0000  1110 bytes for ./Payload/PigChamp.app/Base.lproj/Main.storyboardc/Report.nib/runtime.nib
2023-06-02 15:06:37 +0000  copying file ./Payload/PigChamp.app/Base.lproj/Main.storyboardc/Report.nib/objects-12.3+.nib ... 
1110 bytes for ./Payload/PigChamp.app/Base.lproj/Main.storyboardc/Report.nib/objects-12.3+.nib
2023-06-02 15:06:37 +0000  copying file ./Payload/PigChamp.app/Base.lproj/Main.storyboardc/ActiveReport.nib/objects-11.0+.nib ... 
2023-06-02 15:06:37 +0000  1166 bytes for ./Payload/PigChamp.app/Base.lproj/Main.storyboardc/ActiveReport.nib/objects-11.0+.nib
copying file ./Payload/PigChamp.app/Base.lproj/Main.storyboardc/ActiveReport.nib/runtime.nib ... 
2023-06-02 15:06:37 +0000  1166 bytes for ./Payload/PigChamp.app/Base.lproj/Main.storyboardc/ActiveReport.nib/runtime.nib
copying file ./Payload/PigChamp.app/Base.lproj/Main.storyboardc/ActiveReport.nib/objects-12.3+.nib ... 
2023-06-02 15:06:37 +0000  1166 bytes for ./Payload/PigChamp.app/Base.lproj/Main.storyboardc/ActiveReport.nib/objects-12.3+.nib
2023-06-02 15:06:37 +0000  copying file ./Payload/PigChamp.app/Base.lproj/Main.storyboardc/MenuViewController.nib/objects-11.0+.nib ... 
2023-06-02 15:06:37 +0000  1201 bytes for ./Payload/PigChamp.app/Base.lproj/Main.storyboardc/MenuViewController.nib/objects-11.0+.nib
copying file ./Payload/PigChamp.app/Base.lproj/Main.storyboardc/MenuViewController.nib/runtime.nib ... 
2023-06-02 15:06:37 +0000  1201 bytes for ./Payload/PigChamp.app/Base.lproj/Main.storyboardc/MenuViewController.nib/runtime.nib
copying file ./Payload/PigChamp.app/Base.lproj/Main.storyboardc/MenuViewController.nib/objects-12.3+.nib ... 
2023-06-02 15:06:37 +0000  1201 bytes for ./Payload/PigChamp.app/Base.lproj/Main.storyboardc/MenuViewController.nib/objects-12.3+.nib
2023-06-02 15:06:37 +0000  copying file ./Payload/PigChamp.app/Base.lproj/Main.storyboardc/eQ2-fb-asS-view-OEZ-JP-tQh.nib/objects-11.0+.nib ... 
2023-06-02 15:06:37 +0000  8712 bytes for ./Payload/PigChamp.app/Base.lproj/Main.storyboardc/eQ2-fb-asS-view-OEZ-JP-tQh.nib/objects-11.0+.nib
2023-06-02 15:06:37 +0000  copying file ./Payload/PigChamp.app/Base.lproj/Main.storyboardc/eQ2-fb-asS-view-OEZ-JP-tQh.nib/runtime.nib ... 
2023-06-02 15:06:37 +0000  8712 bytes for ./Payload/PigChamp.app/Base.lproj/Main.storyboardc/eQ2-fb-asS-view-OEZ-JP-tQh.nib/runtime.nib
2023-06-02 15:06:37 +0000  copying file ./Payload/PigChamp.app/Base.lproj/Main.storyboardc/eQ2-fb-asS-view-OEZ-JP-tQh.nib/objects-12.3+.nib ... 
2023-06-02 15:06:37 +0000  8712 bytes for ./Payload/PigChamp.app/Base.lproj/Main.storyboardc/eQ2-fb-asS-view-OEZ-JP-tQh.nib/objects-12.3+.nib
2023-06-02 15:06:37 +0000  copying file ./Payload/PigChamp.app/Base.lproj/Main.storyboardc/eax-An-z9k-view-mLG-TL-fkR.nib/objects-11.0+.nib ... 
2023-06-02 15:06:37 +0000  35580 bytes for ./Payload/PigChamp.app/Base.lproj/Main.storyboardc/eax-An-z9k-view-mLG-TL-fkR.nib/objects-11.0+.nib
2023-06-02 15:06:37 +0000  copying file ./Payload/PigChamp.app/Base.lproj/Main.storyboardc/eax-An-z9k-view-mLG-TL-fkR.nib/runtime.nib ... 
2023-06-02 15:06:37 +0000  35580 bytes for ./Payload/PigChamp.app/Base.lproj/Main.storyboardc/eax-An-z9k-view-mLG-TL-fkR.nib/runtime.nib
copying file ./Payload/PigChamp.app/Base.lproj/Main.storyboardc/eax-An-z9k-view-mLG-TL-fkR.nib/objects-12.3+.nib ... 
2023-06-02 15:06:37 +0000  35580 bytes for ./Payload/PigChamp.app/Base.lproj/Main.storyboardc/eax-An-z9k-view-mLG-TL-fkR.nib/objects-12.3+.nib
2023-06-02 15:06:37 +0000  copying file ./Payload/PigChamp.app/Base.lproj/Main.storyboardc/hdc-ni-HU8-view-Y2N-h3-DoS.nib/objects-11.0+.nib ... 
2023-06-02 15:06:37 +0000  88923 bytes for ./Payload/PigChamp.app/Base.lproj/Main.storyboardc/hdc-ni-HU8-view-Y2N-h3-DoS.nib/objects-11.0+.nib
copying file ./Payload/PigChamp.app/Base.lproj/Main.storyboardc/hdc-ni-HU8-view-Y2N-h3-DoS.nib/runtime.nib ... 
2023-06-02 15:06:37 +0000  88990 bytes for ./Payload/PigChamp.app/Base.lproj/Main.storyboardc/hdc-ni-HU8-view-Y2N-h3-DoS.nib/runtime.nib
copying file ./Payload/PigChamp.app/Base.lproj/Main.storyboardc/hdc-ni-HU8-view-Y2N-h3-DoS.nib/objects-12.3+.nib ... 
2023-06-02 15:06:37 +0000  88923 bytes for ./Payload/PigChamp.app/Base.lproj/Main.storyboardc/hdc-ni-HU8-view-Y2N-h3-DoS.nib/objects-12.3+.nib
2023-06-02 15:06:37 +0000  copying file ./Payload/PigChamp.app/Base.lproj/Main.storyboardc/segueBarcode.nib/objects-11.0+.nib ... 
2023-06-02 15:06:37 +0000  1119 bytes for ./Payload/PigChamp.app/Base.lproj/Main.storyboardc/segueBarcode.nib/objects-11.0+.nib
2023-06-02 15:06:37 +0000  copying file ./Payload/PigChamp.app/Base.lproj/Main.storyboardc/segueBarcode.nib/runtime.nib ... 
2023-06-02 15:06:37 +0000  1119 bytes for ./Payload/PigChamp.app/Base.lproj/Main.storyboardc/segueBarcode.nib/runtime.nib
copying file ./Payload/PigChamp.app/Base.lproj/Main.storyboardc/segueBarcode.nib/objects-12.3+.nib ... 
2023-06-02 15:06:37 +0000  1119 bytes for ./Payload/PigChamp.app/Base.lproj/Main.storyboardc/segueBarcode.nib/objects-12.3+.nib
2023-06-02 15:06:37 +0000  copying file ./Payload/PigChamp.app/Base.lproj/Main.storyboardc/L1d-Ru-tg0-view-ABA-CO-ZBo.nib/objects-11.0+.nib ... 
2023-06-02 15:06:37 +0000  16680 bytes for ./Payload/PigChamp.app/Base.lproj/Main.storyboardc/L1d-Ru-tg0-view-ABA-CO-ZBo.nib/objects-11.0+.nib
2023-06-02 15:06:37 +0000  copying file ./Payload/PigChamp.app/Base.lproj/Main.storyboardc/L1d-Ru-tg0-view-ABA-CO-ZBo.nib/runtime.nib ... 
2023-06-02 15:06:37 +0000  16680 bytes for ./Payload/PigChamp.app/Base.lproj/Main.storyboardc/L1d-Ru-tg0-view-ABA-CO-ZBo.nib/runtime.nib
2023-06-02 15:06:37 +0000  copying file ./Payload/PigChamp.app/Base.lproj/Main.storyboardc/L1d-Ru-tg0-view-ABA-CO-ZBo.nib/objects-12.3+.nib ... 
2023-06-02 15:06:37 +0000  16680 bytes for ./Payload/PigChamp.app/Base.lproj/Main.storyboardc/L1d-Ru-tg0-view-ABA-CO-ZBo.nib/objects-12.3+.nib
2023-06-02 15:06:37 +0000  copying file ./Payload/PigChamp.app/Base.lproj/Main.storyboardc/SowReport.nib/objects-11.0+.nib ... 
2023-06-02 15:06:37 +0000  1308 bytes for ./Payload/PigChamp.app/Base.lproj/Main.storyboardc/SowReport.nib/objects-11.0+.nib
2023-06-02 15:06:37 +0000  copying file ./Payload/PigChamp.app/Base.lproj/Main.storyboardc/SowReport.nib/runtime.nib ... 
2023-06-02 15:06:37 +0000  1308 bytes for ./Payload/PigChamp.app/Base.lproj/Main.storyboardc/SowReport.nib/runtime.nib
copying file ./Payload/PigChamp.app/Base.lproj/Main.storyboardc/SowReport.nib/objects-12.3+.nib ... 
2023-06-02 15:06:37 +0000  1308 bytes for ./Payload/PigChamp.app/Base.lproj/Main.storyboardc/SowReport.nib/objects-12.3+.nib
2023-06-02 15:06:37 +0000  copying file ./Payload/PigChamp.app/Base.lproj/Main.storyboardc/fdo-XG-Ecf-view-JNe-Al-j3V.nib/objects-11.0+.nib ... 
2023-06-02 15:06:37 +0000  11846 bytes for ./Payload/PigChamp.app/Base.lproj/Main.storyboardc/fdo-XG-Ecf-view-JNe-Al-j3V.nib/objects-11.0+.nib
2023-06-02 15:06:37 +0000  copying file ./Payload/PigChamp.app/Base.lproj/Main.storyboardc/fdo-XG-Ecf-view-JNe-Al-j3V.nib/runtime.nib ... 
2023-06-02 15:06:37 +0000  11846 bytes for ./Payload/PigChamp.app/Base.lproj/Main.storyboardc/fdo-XG-Ecf-view-JNe-Al-j3V.nib/runtime.nib
2023-06-02 15:06:37 +0000  copying file ./Payload/PigChamp.app/Base.lproj/Main.storyboardc/fdo-XG-Ecf-view-JNe-Al-j3V.nib/objects-12.3+.nib ... 
2023-06-02 15:06:37 +0000  11846 bytes for ./Payload/PigChamp.app/Base.lproj/Main.storyboardc/fdo-XG-Ecf-view-JNe-Al-j3V.nib/objects-12.3+.nib
2023-06-02 15:06:37 +0000  copying file ./Payload/PigChamp.app/Base.lproj/Main.storyboardc/jXn-hB-zy3-view-ZSu-Np-4NN.nib/objects-11.0+.nib ... 
2023-06-02 15:06:37 +0000  31248 bytes for ./Payload/PigChamp.app/Base.lproj/Main.storyboardc/jXn-hB-zy3-view-ZSu-Np-4NN.nib/objects-11.0+.nib
2023-06-02 15:06:37 +0000  copying file ./Payload/PigChamp.app/Base.lproj/Main.storyboardc/jXn-hB-zy3-view-ZSu-Np-4NN.nib/runtime.nib ... 
2023-06-02 15:06:37 +0000  31248 bytes for ./Payload/PigChamp.app/Base.lproj/Main.storyboardc/jXn-hB-zy3-view-ZSu-Np-4NN.nib/runtime.nib
copying file ./Payload/PigChamp.app/Base.lproj/Main.storyboardc/jXn-hB-zy3-view-ZSu-Np-4NN.nib/objects-12.3+.nib ... 
2023-06-02 15:06:37 +0000  31703 bytes for ./Payload/PigChamp.app/Base.lproj/Main.storyboardc/jXn-hB-zy3-view-ZSu-Np-4NN.nib/objects-12.3+.nib
2023-06-02 15:06:37 +0000  copying file ./Payload/PigChamp.app/Base.lproj/Main.storyboardc/segueDataEntry.nib/objects-11.0+.nib ... 
2023-06-02 15:06:37 +0000  1411 bytes for ./Payload/PigChamp.app/Base.lproj/Main.storyboardc/segueDataEntry.nib/objects-11.0+.nib
copying file ./Payload/PigChamp.app/Base.lproj/Main.storyboardc/segueDataEntry.nib/runtime.nib ... 
2023-06-02 15:06:37 +0000  1411 bytes for ./Payload/PigChamp.app/Base.lproj/Main.storyboardc/segueDataEntry.nib/runtime.nib
2023-06-02 15:06:37 +0000  copying file ./Payload/PigChamp.app/Base.lproj/Main.storyboardc/segueDataEntry.nib/objects-12.3+.nib ... 
2023-06-02 15:06:37 +0000  1411 bytes for ./Payload/PigChamp.app/Base.lproj/Main.storyboardc/segueDataEntry.nib/objects-12.3+.nib
2023-06-02 15:06:37 +0000  copying file ./Payload/PigChamp.app/Base.lproj/Main.storyboardc/DropDownSearchViewController.nib/objects-11.0+.nib ... 
2023-06-02 15:06:37 +0000  1028 bytes for ./Payload/PigChamp.app/Base.lproj/Main.storyboardc/DropDownSearchViewController.nib/objects-11.0+.nib
copying file ./Payload/PigChamp.app/Base.lproj/Main.storyboardc/DropDownSearchViewController.nib/runtime.nib ... 
2023-06-02 15:06:37 +0000  1028 bytes for ./Payload/PigChamp.app/Base.lproj/Main.storyboardc/DropDownSearchViewController.nib/runtime.nib
copying file ./Payload/PigChamp.app/Base.lproj/Main.storyboardc/DropDownSearchViewController.nib/objects-12.3+.nib ... 
2023-06-02 15:06:37 +0000  1028 bytes for ./Payload/PigChamp.app/Base.lproj/Main.storyboardc/DropDownSearchViewController.nib/objects-12.3+.nib
2023-06-02 15:06:37 +0000  copying file ./Payload/PigChamp.app/Base.lproj/Main.storyboardc/UINavigationController-yBH-gN-LA2.nib/objects-11.0+.nib ... 
2023-06-02 15:06:37 +0000  3111 bytes for ./Payload/PigChamp.app/Base.lproj/Main.storyboardc/UINavigationController-yBH-gN-LA2.nib/objects-11.0+.nib
2023-06-02 15:06:37 +0000  copying file ./Payload/PigChamp.app/Base.lproj/Main.storyboardc/UINavigationController-yBH-gN-LA2.nib/runtime.nib ... 
2023-06-02 15:06:37 +0000  3111 bytes for ./Payload/PigChamp.app/Base.lproj/Main.storyboardc/UINavigationController-yBH-gN-LA2.nib/runtime.nib
copying file ./Payload/PigChamp.app/Base.lproj/Main.storyboardc/UINavigationController-yBH-gN-LA2.nib/objects-12.3+.nib ... 
2023-06-02 15:06:37 +0000  3111 bytes for ./Payload/PigChamp.app/Base.lproj/Main.storyboardc/UINavigationController-yBH-gN-LA2.nib/objects-12.3+.nib
2023-06-02 15:06:37 +0000  copying file ./Payload/PigChamp.app/Base.lproj/Main.storyboardc/UIViewController-fuY-MI-mUY.nib/objects-11.0+.nib ... 
2023-06-02 15:06:37 +0000  1244 bytes for ./Payload/PigChamp.app/Base.lproj/Main.storyboardc/UIViewController-fuY-MI-mUY.nib/objects-11.0+.nib
copying file ./Payload/PigChamp.app/Base.lproj/Main.storyboardc/UIViewController-fuY-MI-mUY.nib/runtime.nib ... 
2023-06-02 15:06:37 +0000  1244 bytes for ./Payload/PigChamp.app/Base.lproj/Main.storyboardc/UIViewController-fuY-MI-mUY.nib/runtime.nib
copying file ./Payload/PigChamp.app/Base.lproj/Main.storyboardc/UIViewController-fuY-MI-mUY.nib/objects-12.3+.nib ... 
2023-06-02 15:06:37 +0000  1244 bytes for ./Payload/PigChamp.app/Base.lproj/Main.storyboardc/UIViewController-fuY-MI-mUY.nib/objects-12.3+.nib
2023-06-02 15:06:37 +0000  copying file ./Payload/PigChamp.app/Base.lproj/Main.storyboardc/Wjh-tQ-BaC-view-iBs-jQ-PpN.nib/objects-11.0+.nib ... 
2023-06-02 15:06:37 +0000  26409 bytes for ./Payload/PigChamp.app/Base.lproj/Main.storyboardc/Wjh-tQ-BaC-view-iBs-jQ-PpN.nib/objects-11.0+.nib
2023-06-02 15:06:37 +0000  copying file ./Payload/PigChamp.app/Base.lproj/Main.storyboardc/Wjh-tQ-BaC-view-iBs-jQ-PpN.nib/runtime.nib ... 
2023-06-02 15:06:37 +0000  26409 bytes for ./Payload/PigChamp.app/Base.lproj/Main.storyboardc/Wjh-tQ-BaC-view-iBs-jQ-PpN.nib/runtime.nib
2023-06-02 15:06:37 +0000  copying file ./Payload/PigChamp.app/Base.lproj/Main.storyboardc/Wjh-tQ-BaC-view-iBs-jQ-PpN.nib/objects-12.3+.nib ... 
2023-06-02 15:06:37 +0000  26409 bytes for ./Payload/PigChamp.app/Base.lproj/Main.storyboardc/Wjh-tQ-BaC-view-iBs-jQ-PpN.nib/objects-12.3+.nib
2023-06-02 15:06:37 +0000  copying file ./Payload/PigChamp.app/Base.lproj/Main.storyboardc/Info.plist ... 
2023-06-02 15:06:37 +0000  1189 bytes for ./Payload/PigChamp.app/Base.lproj/Main.storyboardc/Info.plist
copying file ./Payload/PigChamp.app/Base.lproj/Main.storyboardc/DataEntrySubMenu.nib/objects-11.0+.nib ... 
2023-06-02 15:06:37 +0000  1285 bytes for ./Payload/PigChamp.app/Base.lproj/Main.storyboardc/DataEntrySubMenu.nib/objects-11.0+.nib
2023-06-02 15:06:37 +0000  copying file ./Payload/PigChamp.app/Base.lproj/Main.storyboardc/DataEntrySubMenu.nib/runtime.nib ... 
2023-06-02 15:06:37 +0000  1285 bytes for ./Payload/PigChamp.app/Base.lproj/Main.storyboardc/DataEntrySubMenu.nib/runtime.nib
copying file ./Payload/PigChamp.app/Base.lproj/Main.storyboardc/DataEntrySubMenu.nib/objects-12.3+.nib ... 
2023-06-02 15:06:37 +0000  1285 bytes for ./Payload/PigChamp.app/Base.lproj/Main.storyboardc/DataEntrySubMenu.nib/objects-12.3+.nib
2023-06-02 15:06:37 +0000  copying file ./Payload/PigChamp.app/Base.lproj/LaunchScreen.storyboardc/01J-lp-oVM-view-Ze5-6b-2t3.nib ... 
2023-06-02 15:06:37 +0000  2810 bytes for ./Payload/PigChamp.app/Base.lproj/LaunchScreen.storyboardc/01J-lp-oVM-view-Ze5-6b-2t3.nib
copying file ./Payload/PigChamp.app/Base.lproj/LaunchScreen.storyboardc/UIViewController-01J-lp-oVM.nib ... 
2023-06-02 15:06:37 +0000  896 bytes for ./Payload/PigChamp.app/Base.lproj/LaunchScreen.storyboardc/UIViewController-01J-lp-oVM.nib
copying file ./Payload/PigChamp.app/Base.lproj/LaunchScreen.storyboardc/Info.plist ... 
2023-06-02 15:06:37 +0000  258 bytes for ./Payload/PigChamp.app/Base.lproj/LaunchScreen.storyboardc/Info.plist
2023-06-02 15:06:37 +0000  copying file ./Payload/PigChamp.app/Localizable.strings ... 
2023-06-02 15:06:37 +0000  602 bytes for ./Payload/PigChamp.app/Localizable.strings
copying file ./Payload/PigChamp.app/icon_reports_sort.png ... 
2023-06-02 15:06:37 +0000  392 bytes for ./Payload/PigChamp.app/icon_reports_sort.png
copying file ./Payload/PigChamp.app/Assets.car ... 
2023-06-02 15:06:37 +0000  1646207 bytes for ./Payload/PigChamp.app/Assets.car
2023-06-02 15:06:37 +0000  copying file ./Payload/PigChamp.app/AppIcon40x40@2x~ipad.png ... 
2023-06-02 15:06:37 +0000  5792 bytes for ./Payload/PigChamp.app/AppIcon40x40@2x~ipad.png
copying file ./Payload/PigChamp.app/AppIcon76x76@2x~ipad.png ... 
2023-06-02 15:06:37 +0000  11829 bytes for ./Payload/PigChamp.app/AppIcon76x76@2x~ipad.png
2023-06-02 15:06:37 +0000  copying file ./Payload/PigChamp.app/LaunchImage-800-Portrait-736h@3x.png ... 
2023-06-02 15:06:37 +0000  934608 bytes for ./Payload/PigChamp.app/LaunchImage-800-Portrait-736h@3x.png
copying file ./Payload/PigChamp.app/Contents.json ... 
2023-06-02 15:06:37 +0000  2031 bytes for ./Payload/PigChamp.app/Contents.json
copying file ./Payload/PigChamp.app/AppIcon83.5x83.5@2x~ipad.png ... 
2023-06-02 15:06:37 +0000  15972 bytes for ./Payload/PigChamp.app/AppIcon83.5x83.5@2x~ipad.png
2023-06-02 15:06:37 +0000  copying file ./Payload/PigChamp.app/1242x2208.png ... 
2023-06-02 15:06:37 +0000  934608 bytes for ./Payload/PigChamp.app/1242x2208.png
copying file ./Payload/PigChamp.app/LaunchImage-1200-Portrait-1792h@2x.png ... 
2023-06-02 15:06:37 +0000  1175496 bytes for ./Payload/PigChamp.app/LaunchImage-1200-Portrait-1792h@2x.png
2023-06-02 15:06:37 +0000  copying file ./Payload/PigChamp.app/AppIcon29x29@2x~ipad.png ... 
3595 bytes for ./Payload/PigChamp.app/AppIcon29x29@2x~ipad.png
copying file ./Payload/PigChamp.app/AppIcon40x40~ipad.png ... 
2023-06-02 15:06:37 +0000  2259 bytes for ./Payload/PigChamp.app/AppIcon40x40~ipad.png
2023-06-02 15:06:37 +0000  copying file ./Payload/PigChamp.app/embedded.mobileprovision ... 
2023-06-02 15:06:37 +0000  21349 bytes for ./Payload/PigChamp.app/embedded.mobileprovision
2023-06-02 15:06:37 +0000  copying file ./Payload/PigChamp.app/Info.plist ... 
2023-06-02 15:06:37 +0000  2122 bytes for ./Payload/PigChamp.app/Info.plist
copying file ./Payload/PigChamp.app/PkgInfo ... 
2023-06-02 15:06:37 +0000  8 bytes for ./Payload/PigChamp.app/PkgInfo
copying file ./Payload/PigChamp.app/Francais.lng ... 
2023-06-02 15:06:37 +0000  1559110 bytes for ./Payload/PigChamp.app/Francais.lng
copying file ./Payload/PigChamp.app/AppIcon76x76~ipad.png ... 
2023-06-02 15:06:37 +0000  5421 bytes for ./Payload/PigChamp.app/AppIcon76x76~ipad.png
2023-06-02 15:06:37 +0000  /usr/bin/ditto exited with 0
2023-06-02 15:06:37 +0000  Processing step: IDEDistributionAppStoreInformationStep
2023-06-02 15:06:37 +0000  Skipping step: IDEDistributionAppStoreInformationStep because it said so
2023-06-02 15:06:37 +0000  Processing step: IDEDistributionGenerateProcessedDistributionItems
2023-06-02 15:06:37 +0000  IDEDistributionItem init <DVTFilePath:0x60001f033c60:'/var/folders/0v/fq_hkp711mx8qgdpjknvmqnm0000gq/T/XcodeDistPipeline.~~~6wryMv/Root/Payload/PigChamp.app'>
2023-06-02 15:06:37 +0000  Processing step: IDEDistributionCreateManifestStep
